Using pre-set license
Built from '2020.3/staging' branch; Version is '2020.3.4f1 (0abb6314276a) revision 703331'; Using compiler version '192528614'; Build Type 'Release'
OS: 'Windows 10 Home; OS build 19042.1348; Version 2009; 64bit' Language: 'en' Physical Memory: 16332 MB
BatchMode: 1, IsHumanControllingUs: 0, StartBugReporterOnCrash: 0, Is64bit: 1, IsPro: 0

 COMMAND LINE ARGUMENTS:
C:\Program Files\Unity\Hub\Editor\2020.3.4f1\Editor\Unity.exe
-adb2
-batchMode
-noUpm
-name
AssetImportWorker0
-projectPath
C:/Users/yohun/OneDrive/Documents/GitHub/Turnbase-Game
-logFile
Logs/AssetImportWorker0.log
-srvPort
61526
Successfully changed project path to: C:/Users/yohun/OneDrive/Documents/GitHub/Turnbase-Game
C:/Users/yohun/OneDrive/Documents/GitHub/Turnbase-Game
Using Asset Import Pipeline V2.
Refreshing native plugins compatible for Editor in 174.46 ms, found 1 plugins.
Preloading 0 native plugins for Editor in 0.00 ms.
Initialize engine version: 2020.3.4f1 (0abb6314276a)
[Subsystems] Discovering subsystems at path C:/Program Files/Unity/Hub/Editor/2020.3.4f1/Editor/Data/Resources/UnitySubsystems
[Subsystems] Discovering subsystems at path C:/Users/yohun/OneDrive/Documents/GitHub/Turnbase-Game/Assets
GfxDevice: creating device client; threaded=0
Direct3D:
    Version:  Direct3D 11.0 [level 11.1]
    Renderer: NVIDIA GeForce GTX 970 (ID=0x13c2)
    Vendor:   
    VRAM:     4043 MB
    Driver:   27.21.14.6647
Initialize mono
Mono path[0] = 'C:/Program Files/Unity/Hub/Editor/2020.3.4f1/Editor/Data/Managed'
Mono path[1] = 'C:/Program Files/Unity/Hub/Editor/2020.3.4f1/Editor/Data/MonoBleedingEdge/lib/mono/unityjit'
Mono config path = 'C:/Program Files/Unity/Hub/Editor/2020.3.4f1/Editor/Data/MonoBleedingEdge/etc'
Using monoOptions --debugger-agent=transport=dt_socket,embedding=1,server=y,suspend=n,address=127.0.0.1:56816
Begin MonoManager ReloadAssembly
Registering precompiled unity dll's ...
Register platform support module: C:/Program Files/Unity/Hub/Editor/2020.3.4f1/Editor/Data/PlaybackEngines/WebGLSupport/UnityEditor.WebGL.Extensions.dll
Register platform support module: C:/Program Files/Unity/Hub/Editor/2020.3.4f1/Editor/Data/PlaybackEngines/WindowsStandaloneSupport/UnityEditor.WindowsStandalone.Extensions.dll
Registered in 0.002818 seconds.
Native extension for WindowsStandalone target not found
Native extension for WebGL target not found
Refreshing native plugins compatible for Editor in 176.23 ms, found 1 plugins.
Preloading 0 native plugins for Editor in 0.00 ms.
Mono: successfully reloaded assembly
- Completed reload, in  3.687 seconds
Platform modules already initialized, skipping
Registering precompiled user dll's ...
Registered in 0.004069 seconds.
Begin MonoManager ReloadAssembly
Native extension for WindowsStandalone target not found
Native extension for WebGL target not found
Refreshing native plugins compatible for Editor in 191.24 ms, found 1 plugins.
Preloading 0 native plugins for Editor in 0.00 ms.
Mono: successfully reloaded assembly
- Completed reload, in  1.644 seconds
Platform modules already initialized, skipping
========================================================================
Worker process is ready to serve import requests
Launched and connected shader compiler UnityShaderCompiler.exe after 0.05 seconds
Refreshing native plugins compatible for Editor in 1.65 ms, found 1 plugins.
Preloading 0 native plugins for Editor in 0.00 ms.
Unloading 2331 Unused Serialized files (Serialized files now loaded: 0)
System memory in use before: 113.4 MB.
System memory in use after: 113.5 MB.

Unloading 24 unused Assets to reduce memory usage. Loaded Objects now: 2779.
Total: 3.824700 ms (FindLiveObjects: 0.349900 ms CreateObjectMapping: 0.329300 ms MarkObjects: 3.000800 ms  DeleteObjects: 0.143300 ms)

========================================================================
Received Import Request.
  path: Assets/Prefabs/Supply/Crystal.asset
  artifactKey: Guid(e9657b52cc590384dbeb4de727bb46fd) Importer(815301076,1909f56bfc062723c751e8b465ee728b)
Start importing Assets/Prefabs/Supply/Crystal.asset using Guid(e9657b52cc590384dbeb4de727bb46fd) Importer(815301076,1909f56bfc062723c751e8b465ee728b)  -> (artifact id: '845db0305ad36c386e4dc7bc59605dbb') in 0.050687 seconds
  Import took 0.056615 seconds .

========================================================================
Received Import Request.
  Time since last request: 0.000478 seconds.
  path: Assets/Prefabs/Supply/EXP.asset
  artifactKey: Guid(424f9e0184f59be4eb5de67587be540f) Importer(815301076,1909f56bfc062723c751e8b465ee728b)
Start importing Assets/Prefabs/Supply/EXP.asset using Guid(424f9e0184f59be4eb5de67587be540f) Importer(815301076,1909f56bfc062723c751e8b465ee728b)  -> (artifact id: 'a30106d30a0d1cea8eec6e1bfde6573a') in 0.008746 seconds
  Import took 0.014467 seconds .

========================================================================
Received Prepare
Refreshing native plugins compatible for Editor in 3.21 ms, found 1 plugins.
Preloading 0 native plugins for Editor in 0.00 ms.
Unloading 8 Unused Serialized files (Serialized files now loaded: 0)
System memory in use before: 66.0 MB.
System memory in use after: 66.2 MB.

Unloading 8 unused Assets to reduce memory usage. Loaded Objects now: 2779.
Total: 5.091100 ms (FindLiveObjects: 1.110800 ms CreateObjectMapping: 0.352000 ms MarkObjects: 3.504500 ms  DeleteObjects: 0.122400 ms)

========================================================================
Received Import Request.
  Time since last request: 31193.233689 seconds.
  path: Assets/Prefabs/Character/Skill/Monster/Golem/F.Golem/F.Buff.asset
  artifactKey: Guid(385eed637a9da8a4dbc710ffda3cee59) Importer(815301076,1909f56bfc062723c751e8b465ee728b)
Start importing Assets/Prefabs/Character/Skill/Monster/Golem/F.Golem/F.Buff.asset using Guid(385eed637a9da8a4dbc710ffda3cee59) Importer(815301076,1909f56bfc062723c751e8b465ee728b)  -> (artifact id: 'fc214fa96d70b27d8f26f5ef479975ff') in 0.049454 seconds
  Import took 0.090116 seconds .

========================================================================
Received Import Request.
  Time since last request: 17123.056420 seconds.
  path: Assets/Sprites/superpowers-asset-packs-master/western-fps-2d/item/weapons/8-icon.png
  artifactKey: Guid(e633abac7c53e4844b78848cec80f1f8) Importer(815301076,1909f56bfc062723c751e8b465ee728b)
Start importing Assets/Sprites/superpowers-asset-packs-master/western-fps-2d/item/weapons/8-icon.png using Guid(e633abac7c53e4844b78848cec80f1f8) Importer(815301076,1909f56bfc062723c751e8b465ee728b)  -> (artifact id: 'e92abb90b632776d27d13ec8b8302154') in 0.208600 seconds
  Import took 0.262740 seconds .

========================================================================
Received Import Request.
  Time since last request: 0.000225 seconds.
  path: Assets/Sprites/superpowers-asset-packs-master/western-fps-2d/item/weapons/9-icon.png
  artifactKey: Guid(e607fe5503a4a514091815e882d41d4a) Importer(815301076,1909f56bfc062723c751e8b465ee728b)
Start importing Assets/Sprites/superpowers-asset-packs-master/western-fps-2d/item/weapons/9-icon.png using Guid(e607fe5503a4a514091815e882d41d4a) Importer(815301076,1909f56bfc062723c751e8b465ee728b)  -> (artifact id: 'c0312a0a7563ff8a24c74a53cd73b0c8') in 0.022376 seconds
  Import took 0.027082 seconds .

========================================================================
Received Import Request.
  Time since last request: 0.974481 seconds.
  path: Assets/Sprites/superpowers-asset-packs-master/western-fps-2d/item/cards/icon-1.png
  artifactKey: Guid(89d1a7b9e6abfb540848ebbdbfc9bd30) Importer(815301076,1909f56bfc062723c751e8b465ee728b)
Start importing Assets/Sprites/superpowers-asset-packs-master/western-fps-2d/item/cards/icon-1.png using Guid(89d1a7b9e6abfb540848ebbdbfc9bd30) Importer(815301076,1909f56bfc062723c751e8b465ee728b)  -> (artifact id: 'ff8b6a9fc9dfce1c7f45e056eaef4f96') in 0.030583 seconds
  Import took 0.036361 seconds .

========================================================================
Received Import Request.
  Time since last request: 0.085811 seconds.
  path: Assets/Sprites/superpowers-asset-packs-master/western-fps-2d/item/cards/icon-2.png
  artifactKey: Guid(654257e7f53b1834c88d8a7d8a32bad4) Importer(815301076,1909f56bfc062723c751e8b465ee728b)
Start importing Assets/Sprites/superpowers-asset-packs-master/western-fps-2d/item/cards/icon-2.png using Guid(654257e7f53b1834c88d8a7d8a32bad4) Importer(815301076,1909f56bfc062723c751e8b465ee728b)  -> (artifact id: '1e6c3f102eb127c3fd1f989b20ee909d') in 0.019106 seconds
  Import took 0.024434 seconds .

========================================================================
Received Import Request.
  Time since last request: 0.000213 seconds.
  path: Assets/Sprites/superpowers-asset-packs-master/western-fps-2d/item/cards/icon-3.png
  artifactKey: Guid(5e902092706f18d4083fae15d07cb76c) Importer(815301076,1909f56bfc062723c751e8b465ee728b)
Start importing Assets/Sprites/superpowers-asset-packs-master/western-fps-2d/item/cards/icon-3.png using Guid(5e902092706f18d4083fae15d07cb76c) Importer(815301076,1909f56bfc062723c751e8b465ee728b)  -> (artifact id: '10fe7387a707d29c127bd03cf6003404') in 0.022308 seconds
  Import took 0.026858 seconds .

========================================================================
Received Import Request.
  Time since last request: 0.000248 seconds.
  path: Assets/Sprites/superpowers-asset-packs-master/western-fps-2d/item/cards/icon-4.png
  artifactKey: Guid(eaed996f73914cd458e1c6eebc590041) Importer(815301076,1909f56bfc062723c751e8b465ee728b)
Start importing Assets/Sprites/superpowers-asset-packs-master/western-fps-2d/item/cards/icon-4.png using Guid(eaed996f73914cd458e1c6eebc590041) Importer(815301076,1909f56bfc062723c751e8b465ee728b)  -> (artifact id: 'f78eb647e657763666206a62e1272532') in 0.025457 seconds
  Import took 0.030435 seconds .

========================================================================
Received Import Request.
  Time since last request: 0.110590 seconds.
  path: Assets/Sprites/superpowers-asset-packs-master/western-fps-2d/item/cards/icon-5.png
  artifactKey: Guid(84b7fd05d1196bd4398e4b643a26eeaf) Importer(815301076,1909f56bfc062723c751e8b465ee728b)
Start importing Assets/Sprites/superpowers-asset-packs-master/western-fps-2d/item/cards/icon-5.png using Guid(84b7fd05d1196bd4398e4b643a26eeaf) Importer(815301076,1909f56bfc062723c751e8b465ee728b)  -> (artifact id: 'e1ba138dbb13631e8b82914417795370') in 0.023537 seconds
  Import took 0.029147 seconds .

========================================================================
Received Import Request.
  Time since last request: 0.000196 seconds.
  path: Assets/Sprites/superpowers-asset-packs-master/western-fps-2d/item/cards/icon-leonard.png
  artifactKey: Guid(ee0f7488277eea64fa1725ac12794b09) Importer(815301076,1909f56bfc062723c751e8b465ee728b)
Start importing Assets/Sprites/superpowers-asset-packs-master/western-fps-2d/item/cards/icon-leonard.png using Guid(ee0f7488277eea64fa1725ac12794b09) Importer(815301076,1909f56bfc062723c751e8b465ee728b)  -> (artifact id: '87fff651a41202341c9744e862789230') in 0.017733 seconds
  Import took 0.023111 seconds .

========================================================================
Received Import Request.
  Time since last request: 0.000204 seconds.
  path: Assets/Sprites/superpowers-asset-packs-master/western-fps-2d/item/cards/icon-6.png
  artifactKey: Guid(d94fed9f1dc5b894daa0ef1f25cd3ee7) Importer(815301076,1909f56bfc062723c751e8b465ee728b)
Start importing Assets/Sprites/superpowers-asset-packs-master/western-fps-2d/item/cards/icon-6.png using Guid(d94fed9f1dc5b894daa0ef1f25cd3ee7) Importer(815301076,1909f56bfc062723c751e8b465ee728b)  -> (artifact id: '2abd03baaa7528cbcfa66c0c39ba64b4') in 0.025486 seconds
  Import took 0.030604 seconds .

========================================================================
Received Import Request.
  Time since last request: 1987.301557 seconds.
  path: Assets/Art/Character/Player/Idle3.png
  artifactKey: Guid(bc0d6e4904e1a8b4da2424f4ff42cdd4) Importer(815301076,1909f56bfc062723c751e8b465ee728b)
Start importing Assets/Art/Character/Player/Idle3.png using Guid(bc0d6e4904e1a8b4da2424f4ff42cdd4) Importer(815301076,1909f56bfc062723c751e8b465ee728b)  -> (artifact id: '26d992f8fd945f39a3881e1bd122e8ed') in 0.097864 seconds
  Import took 0.110680 seconds .

========================================================================
Received Import Request.
  Time since last request: 337.963284 seconds.
  path: Assets/Art/Character/Player/Idle3.png
  artifactKey: Guid(bc0d6e4904e1a8b4da2424f4ff42cdd4) Importer(815301076,1909f56bfc062723c751e8b465ee728b)
Start importing Assets/Art/Character/Player/Idle3.png using Guid(bc0d6e4904e1a8b4da2424f4ff42cdd4) Importer(815301076,1909f56bfc062723c751e8b465ee728b)  -> (artifact id: '4b9819b2ffe67182390544baaffc6131') in 0.068450 seconds
  Import took 0.073941 seconds .

========================================================================
Received Import Request.
  Time since last request: 9.838430 seconds.
  path: Assets/Art/Character/Player/Idle3.png
  artifactKey: Guid(bc0d6e4904e1a8b4da2424f4ff42cdd4) Importer(815301076,1909f56bfc062723c751e8b465ee728b)
Start importing Assets/Art/Character/Player/Idle3.png using Guid(bc0d6e4904e1a8b4da2424f4ff42cdd4) Importer(815301076,1909f56bfc062723c751e8b465ee728b)  -> (artifact id: '8f16b82068f24bc4b4ca041f64d3538e') in 0.058739 seconds
  Import took 0.065020 seconds .

========================================================================
Received Import Request.
  Time since last request: 1264.599962 seconds.
  path: Assets/Art/Character/Player/da234f98a2c9c22.png
  artifactKey: Guid(789d03aabeafc6b45a328db07ee983fe) Importer(815301076,1909f56bfc062723c751e8b465ee728b)
Start importing Assets/Art/Character/Player/da234f98a2c9c22.png using Guid(789d03aabeafc6b45a328db07ee983fe) Importer(815301076,1909f56bfc062723c751e8b465ee728b)  -> (artifact id: 'a75832f8148b9fef24eea23403758bf7') in 0.029615 seconds
  Import took 0.036438 seconds .

========================================================================
Received Import Request.
  Time since last request: 70.416783 seconds.
  path: Assets/Art/Character/Player/kisspng-pixel-art-pixelation-old-age-5ade6f8d3be046.3282421415245269892453.jpg
  artifactKey: Guid(46edf707d852d394385367dc2f64c0f0) Importer(815301076,1909f56bfc062723c751e8b465ee728b)
Start importing Assets/Art/Character/Player/kisspng-pixel-art-pixelation-old-age-5ade6f8d3be046.3282421415245269892453.jpg using Guid(46edf707d852d394385367dc2f64c0f0) Importer(815301076,1909f56bfc062723c751e8b465ee728b)  -> (artifact id: 'a4da87286c0b5e6ff722f815d38af4b2') in 0.029588 seconds
  Import took 0.036198 seconds .

========================================================================
Received Prepare
Registering precompiled user dll's ...
Registered in 0.002345 seconds.
Begin MonoManager ReloadAssembly
Native extension for WindowsStandalone target not found
Native extension for WebGL target not found
Refreshing native plugins compatible for Editor in 1.63 ms, found 1 plugins.
Preloading 0 native plugins for Editor in 0.00 ms.
Mono: successfully reloaded assembly
- Completed reload, in  1.361 seconds
Platform modules already initialized, skipping
Switching build target platform(5) subTarget(0) extendedPlatform(0) -> platform(13) subTarget(537395200) extendedPlatform(0)
Refreshing native plugins compatible for Editor in 1.62 ms, found 1 plugins.
Preloading 0 native plugins for Editor in 0.00 ms.
Unloading 2312 Unused Serialized files (Serialized files now loaded: 0)
System memory in use before: 114.9 MB.
System memory in use after: 115.1 MB.

Unloading 11 unused Assets to reduce memory usage. Loaded Objects now: 2811.
Total: 2.953600 ms (FindLiveObjects: 0.230200 ms CreateObjectMapping: 0.117100 ms MarkObjects: 2.517500 ms  DeleteObjects: 0.087200 ms)

AssetImportParameters requested are different than current active one (requested -> active):
  custom:graphics/normal-map-encoding: 01000000000000000000000000000000 -> 02000000000000000000000000000000
========================================================================
Received Prepare
Registering precompiled user dll's ...
Registered in 0.002372 seconds.
Begin MonoManager ReloadAssembly
Native extension for WindowsStandalone target not found
Native extension for WebGL target not found
Refreshing native plugins compatible for Editor in 1.56 ms, found 1 plugins.
Preloading 0 native plugins for Editor in 0.00 ms.
Mono: successfully reloaded assembly
- Completed reload, in  1.173 seconds
Platform modules already initialized, skipping
Switching build target platform(5) subTarget(0) extendedPlatform(0) -> platform(13) subTarget(537395200) extendedPlatform(0)
Refreshing native plugins compatible for Editor in 1.54 ms, found 1 plugins.
Preloading 0 native plugins for Editor in 0.00 ms.
Unloading 2312 Unused Serialized files (Serialized files now loaded: 0)
System memory in use before: 115.0 MB.
System memory in use after: 115.1 MB.

Unloading 11 unused Assets to reduce memory usage. Loaded Objects now: 2815.
Total: 3.182300 ms (FindLiveObjects: 0.305900 ms CreateObjectMapping: 0.151800 ms MarkObjects: 2.560000 ms  DeleteObjects: 0.163400 ms)

AssetImportParameters requested are different than current active one (requested -> active):
  custom:graphics/normal-map-encoding: 01000000000000000000000000000000 -> 02000000000000000000000000000000
========================================================================
Received Import Request.
  Time since last request: 482.525438 seconds.
  path: Assets/Art/promo/cover.png
  artifactKey: Guid(6ca28770d097cf24bbaa0fdfbaca85b1) Importer(815301076,1909f56bfc062723c751e8b465ee728b)
Start importing Assets/Art/promo/cover.png using Guid(6ca28770d097cf24bbaa0fdfbaca85b1) Importer(815301076,1909f56bfc062723c751e8b465ee728b)  -> (artifact id: 'a9f4531c8120e177d5473d41aea2611d') in 0.094505 seconds
  Import took 0.101175 seconds .

========================================================================
Received Import Request.
  Time since last request: 0.307100 seconds.
  path: Assets/Sprites/superpowers-asset-packs-master/3d-character/environment/concept.png
  artifactKey: Guid(221f71a7585078a4ebf559af6ba1642f) Importer(815301076,1909f56bfc062723c751e8b465ee728b)
Start importing Assets/Sprites/superpowers-asset-packs-master/3d-character/environment/concept.png using Guid(221f71a7585078a4ebf559af6ba1642f) Importer(815301076,1909f56bfc062723c751e8b465ee728b)  -> (artifact id: '9a66ccb151ced5bcb62390297ebedf37') in 0.030202 seconds
  Import took 0.036430 seconds .

========================================================================
Received Import Request.
  Time since last request: 0.003112 seconds.
  path: Assets/Sprites/superpowers-asset-packs-master/3d-character/environment/concept.png
  artifactKey: Guid(221f71a7585078a4ebf559af6ba1642f) Importer(815301076,1909f56bfc062723c751e8b465ee728b)
Start importing Assets/Sprites/superpowers-asset-packs-master/3d-character/environment/concept.png using Guid(221f71a7585078a4ebf559af6ba1642f) Importer(815301076,1909f56bfc062723c751e8b465ee728b)  -> (artifact id: '9a66ccb151ced5bcb62390297ebedf37') in 0.017921 seconds
  Import took 0.023519 seconds .

========================================================================
Received Import Request.
  Time since last request: 2.416195 seconds.
  path: Assets/TimeFantasy_TILES_6.24.17/RPGMAKER/RMMV/tileD_HOUSETOP_snow.png
  artifactKey: Guid(1b4028da5b99bfd4cb4f5f71801b6d01) Importer(815301076,1909f56bfc062723c751e8b465ee728b)
Start importing Assets/TimeFantasy_TILES_6.24.17/RPGMAKER/RMMV/tileD_HOUSETOP_snow.png using Guid(1b4028da5b99bfd4cb4f5f71801b6d01) Importer(815301076,1909f56bfc062723c751e8b465ee728b)  -> (artifact id: 'acb2adb02bbb0bc79fd9dcec6b2dfceb') in 2.601340 seconds
  Import took 2.616263 seconds .

========================================================================
Received Import Request.
  Time since last request: 0.000262 seconds.
  path: Assets/Sprites/superpowers-asset-packs-master/western-fps-2d/item/weapons/cannonball.png
  artifactKey: Guid(b3944cddffc0c29489128d620430e94f) Importer(815301076,1909f56bfc062723c751e8b465ee728b)
Start importing Assets/Sprites/superpowers-asset-packs-master/western-fps-2d/item/weapons/cannonball.png using Guid(b3944cddffc0c29489128d620430e94f) Importer(815301076,1909f56bfc062723c751e8b465ee728b)  -> (artifact id: '1b4266a5af25eae0d4e83fd5ab1686ef') in 0.024317 seconds
  Import took 0.029783 seconds .

========================================================================
Received Import Request.
  Time since last request: 0.000273 seconds.
  path: Assets/Art/UI/ModernPurpleUI/PanelNoDots.png
  artifactKey: Guid(57eb19a14eaa02943882e72469895acc) Importer(815301076,1909f56bfc062723c751e8b465ee728b)
Start importing Assets/Art/UI/ModernPurpleUI/PanelNoDots.png using Guid(57eb19a14eaa02943882e72469895acc) Importer(815301076,1909f56bfc062723c751e8b465ee728b)  -> (artifact id: '807e4c315f6dba410037b34b645f382f') in 0.031510 seconds
  Import took 0.037314 seconds .

========================================================================
Received Import Request.
  Time since last request: 0.000179 seconds.
  path: Assets/Udemy RPG Assets/Art/Backgrounds/battleback snow.png
  artifactKey: Guid(bc1d0034ebff3f149b28b486f3ed6e21) Importer(815301076,1909f56bfc062723c751e8b465ee728b)
Start importing Assets/Udemy RPG Assets/Art/Backgrounds/battleback snow.png using Guid(bc1d0034ebff3f149b28b486f3ed6e21) Importer(815301076,1909f56bfc062723c751e8b465ee728b)  -> (artifact id: 'df0641b659ea379c790a1d54af4e8aff') in 0.023588 seconds
  Import took 0.029499 seconds .

========================================================================
Received Import Request.
  Time since last request: 0.000187 seconds.
  path: Assets/Sprites/superpowers-asset-packs-master/prehistoric-platformer/monsters/mini-tyrannosaurus-2.png
  artifactKey: Guid(c1a7a581bd420954cb932520987838a4) Importer(815301076,1909f56bfc062723c751e8b465ee728b)
Start importing Assets/Sprites/superpowers-asset-packs-master/prehistoric-platformer/monsters/mini-tyrannosaurus-2.png using Guid(c1a7a581bd420954cb932520987838a4) Importer(815301076,1909f56bfc062723c751e8b465ee728b)  -> (artifact id: '4744e1228fedceff6ac930366dec48b2') in 0.048617 seconds
  Import took 0.054031 seconds .

========================================================================
Received Import Request.
  Time since last request: 0.000223 seconds.
  path: Assets/Sprites/superpowers-asset-packs-master/prehistoric-platformer/monsters/mini-tyrannosaurus-1.png
  artifactKey: Guid(4add5655d2aaef348813f393819e1016) Importer(815301076,1909f56bfc062723c751e8b465ee728b)
Start importing Assets/Sprites/superpowers-asset-packs-master/prehistoric-platformer/monsters/mini-tyrannosaurus-1.png using Guid(4add5655d2aaef348813f393819e1016) Importer(815301076,1909f56bfc062723c751e8b465ee728b)  -> (artifact id: '7a3c8d956b22843e4b043212f062ad89') in 0.033531 seconds
  Import took 0.039542 seconds .

========================================================================
Received Import Request.
  Time since last request: 0.000179 seconds.
  path: Assets/Sprites/superpowers-asset-packs-master/ninja-adventure/items/food/noodle.png
  artifactKey: Guid(321e63a352e056b4c8896fd06ef18b7c) Importer(815301076,1909f56bfc062723c751e8b465ee728b)
Start importing Assets/Sprites/superpowers-asset-packs-master/ninja-adventure/items/food/noodle.png using Guid(321e63a352e056b4c8896fd06ef18b7c) Importer(815301076,1909f56bfc062723c751e8b465ee728b)  -> (artifact id: '3fe7344edc4a484eec6083734b4ad55c') in 0.021181 seconds
  Import took 0.026329 seconds .

========================================================================
Received Import Request.
  Time since last request: 0.000206 seconds.
  path: Assets/Sprites/superpowers-asset-packs-master/western-fps-2d/hud/icons/cannon.png
  artifactKey: Guid(97c4fcbf07b63954795b416a8caa2eaa) Importer(815301076,1909f56bfc062723c751e8b465ee728b)
Start importing Assets/Sprites/superpowers-asset-packs-master/western-fps-2d/hud/icons/cannon.png using Guid(97c4fcbf07b63954795b416a8caa2eaa) Importer(815301076,1909f56bfc062723c751e8b465ee728b)  -> (artifact id: 'e19d64c15f478e66e03ac7053b486f0e') in 0.023607 seconds
  Import took 0.030743 seconds .

========================================================================
Received Import Request.
  Time since last request: 0.000548 seconds.
  path: Assets/Sprites/superpowers-asset-packs-master/ninja-adventure/hud/no-button.png
  artifactKey: Guid(8f315ff907957b1478363ca0da8d497c) Importer(815301076,1909f56bfc062723c751e8b465ee728b)
Start importing Assets/Sprites/superpowers-asset-packs-master/ninja-adventure/hud/no-button.png using Guid(8f315ff907957b1478363ca0da8d497c) Importer(815301076,1909f56bfc062723c751e8b465ee728b)  -> (artifact id: 'c08d31903f4aa56019c325e5f29f4162') in 0.025751 seconds
  Import took 0.032336 seconds .

========================================================================
Received Import Request.
  Time since last request: 36.580434 seconds.
  path: Assets/Prefabs/Character/Player/Protagonist.asset
  artifactKey: Guid(ec488938b1c1d914a8452de425c3d601) Importer(815301076,1909f56bfc062723c751e8b465ee728b)
Start importing Assets/Prefabs/Character/Player/Protagonist.asset using Guid(ec488938b1c1d914a8452de425c3d601) Importer(815301076,1909f56bfc062723c751e8b465ee728b)  -> (artifact id: '3f4ea51e5e0a7eeda7d76211f4f57598') in 0.113922 seconds
  Import took 0.119807 seconds .

========================================================================
Received Prepare
Registering precompiled user dll's ...
Registered in 0.002808 seconds.
Begin MonoManager ReloadAssembly
Native extension for WindowsStandalone target not found
Native extension for WebGL target not found
Refreshing native plugins compatible for Editor in 2.15 ms, found 1 plugins.
Preloading 0 native plugins for Editor in 0.00 ms.
Mono: successfully reloaded assembly
- Completed reload, in  1.292 seconds
Platform modules already initialized, skipping
Switching build target platform(5) subTarget(0) extendedPlatform(0) -> platform(13) subTarget(537395200) extendedPlatform(0)
Refreshing native plugins compatible for Editor in 1.72 ms, found 1 plugins.
Preloading 0 native plugins for Editor in 0.00 ms.
Unloading 2312 Unused Serialized files (Serialized files now loaded: 0)
System memory in use before: 115.9 MB.
System memory in use after: 116.0 MB.

Unloading 11 unused Assets to reduce memory usage. Loaded Objects now: 2836.
Total: 2.687500 ms (FindLiveObjects: 0.248300 ms CreateObjectMapping: 0.105900 ms MarkObjects: 2.224500 ms  DeleteObjects: 0.107600 ms)

AssetImportParameters requested are different than current active one (requested -> active):
  custom:graphics/normal-map-encoding: 01000000000000000000000000000000 -> 02000000000000000000000000000000
========================================================================
Received Prepare
Registering precompiled user dll's ...
Registered in 0.002863 seconds.
Begin MonoManager ReloadAssembly
Native extension for WindowsStandalone target not found
Native extension for WebGL target not found
Refreshing native plugins compatible for Editor in 1.71 ms, found 1 plugins.
Preloading 0 native plugins for Editor in 0.00 ms.
Mono: successfully reloaded assembly
- Completed reload, in  1.171 seconds
Platform modules already initialized, skipping
Switching build target platform(5) subTarget(0) extendedPlatform(0) -> platform(13) subTarget(537395200) extendedPlatform(0)
Refreshing native plugins compatible for Editor in 1.70 ms, found 1 plugins.
Preloading 0 native plugins for Editor in 0.00 ms.
Unloading 2312 Unused Serialized files (Serialized files now loaded: 0)
System memory in use before: 115.9 MB.
System memory in use after: 116.1 MB.

Unloading 11 unused Assets to reduce memory usage. Loaded Objects now: 2840.
Total: 2.266500 ms (FindLiveObjects: 0.224700 ms CreateObjectMapping: 0.101700 ms MarkObjects: 1.858000 ms  DeleteObjects: 0.081300 ms)

AssetImportParameters requested are different than current active one (requested -> active):
  custom:graphics/normal-map-encoding: 01000000000000000000000000000000 -> 02000000000000000000000000000000
========================================================================
Received Prepare
Registering precompiled user dll's ...
Registered in 0.003471 seconds.
Begin MonoManager ReloadAssembly
Native extension for WindowsStandalone target not found
Native extension for WebGL target not found
Refreshing native plugins compatible for Editor in 1.95 ms, found 1 plugins.
Preloading 0 native plugins for Editor in 0.00 ms.
Mono: successfully reloaded assembly
- Completed reload, in  1.247 seconds
Platform modules already initialized, skipping
Switching build target platform(5) subTarget(0) extendedPlatform(0) -> platform(13) subTarget(537395200) extendedPlatform(0)
Refreshing native plugins compatible for Editor in 1.56 ms, found 1 plugins.
Preloading 0 native plugins for Editor in 0.00 ms.
Unloading 2312 Unused Serialized files (Serialized files now loaded: 0)
System memory in use before: 115.9 MB.
System memory in use after: 116.0 MB.

Unloading 11 unused Assets to reduce memory usage. Loaded Objects now: 2844.
Total: 2.995800 ms (FindLiveObjects: 0.315500 ms CreateObjectMapping: 0.202400 ms MarkObjects: 2.373800 ms  DeleteObjects: 0.103100 ms)

AssetImportParameters requested are different than current active one (requested -> active):
  custom:graphics/normal-map-encoding: 01000000000000000000000000000000 -> 02000000000000000000000000000000
========================================================================
Received Import Request.
  Time since last request: 990.238714 seconds.
  path: Assets/Art/Character/Player/fire.png
  artifactKey: Guid(d54e40f854efa9b428c3237bade5e166) Importer(815301076,1909f56bfc062723c751e8b465ee728b)
Start importing Assets/Art/Character/Player/fire.png using Guid(d54e40f854efa9b428c3237bade5e166) Importer(815301076,1909f56bfc062723c751e8b465ee728b)  -> (artifact id: '27537d3265ffe779ea3153261c61002b') in 0.080865 seconds
  Import took 0.090554 seconds .

========================================================================
Received Import Request.
  Time since last request: 0.000190 seconds.
  path: Assets/Art/Character/Player/water.png
  artifactKey: Guid(9d4e1aaa9c7d7734bab06614e3dab9df) Importer(815301076,1909f56bfc062723c751e8b465ee728b)
Start importing Assets/Art/Character/Player/water.png using Guid(9d4e1aaa9c7d7734bab06614e3dab9df) Importer(815301076,1909f56bfc062723c751e8b465ee728b)  -> (artifact id: '8ada81f75d5fc9dac1c3e3c080de56d4') in 0.013871 seconds
  Import took 0.018405 seconds .

========================================================================
Received Import Request.
  Time since last request: 0.000199 seconds.
  path: Assets/Art/Character/Player/thunder.png
  artifactKey: Guid(749dc0319b0650347adc2b921d79fea6) Importer(815301076,1909f56bfc062723c751e8b465ee728b)
Start importing Assets/Art/Character/Player/thunder.png using Guid(749dc0319b0650347adc2b921d79fea6) Importer(815301076,1909f56bfc062723c751e8b465ee728b)  -> (artifact id: 'aff5cab3ec14a6cb7551962a1f23b501') in 0.016090 seconds
  Import took 0.021706 seconds .

========================================================================
Received Import Request.
  Time since last request: 0.000239 seconds.
  path: Assets/Art/Character/Player/grass.png
  artifactKey: Guid(c33fc3932ee6ddf4993ec6e4062f3089) Importer(815301076,1909f56bfc062723c751e8b465ee728b)
Start importing Assets/Art/Character/Player/grass.png using Guid(c33fc3932ee6ddf4993ec6e4062f3089) Importer(815301076,1909f56bfc062723c751e8b465ee728b)  -> (artifact id: '5e45f92944829ef97a65798485d77263') in 0.020848 seconds
  Import took 0.028562 seconds .

========================================================================
Received Import Request.
  Time since last request: 0.000207 seconds.
  path: Assets/Art/Character/Player/normal.png
  artifactKey: Guid(e30e0615a2b03f64a8072596bc43ca4c) Importer(815301076,1909f56bfc062723c751e8b465ee728b)
Start importing Assets/Art/Character/Player/normal.png using Guid(e30e0615a2b03f64a8072596bc43ca4c) Importer(815301076,1909f56bfc062723c751e8b465ee728b)  -> (artifact id: 'f6d64eca22278ca3068e47e9498494ef') in 0.102422 seconds
  Import took 0.109357 seconds .

========================================================================
Received Import Request.
  Time since last request: 31.840909 seconds.
  path: Assets/Sprites/superpowers-asset-packs-master/prehistoric-platformer/background-elements/background-2.png
  artifactKey: Guid(b06045b9eb04fce4295485926cce5d37) Importer(815301076,1909f56bfc062723c751e8b465ee728b)
Start importing Assets/Sprites/superpowers-asset-packs-master/prehistoric-platformer/background-elements/background-2.png using Guid(b06045b9eb04fce4295485926cce5d37) Importer(815301076,1909f56bfc062723c751e8b465ee728b)  -> (artifact id: '125031ae72468dadca652fc03def8989') in 0.033957 seconds
  Import took 0.040018 seconds .

========================================================================
Received Import Request.
  Time since last request: 0.000243 seconds.
  path: Assets/Sprites/superpowers-asset-packs-master/western-fps-2d/background-elements/grass-1.png
  artifactKey: Guid(38984bb044bc6ee42bf72951550103d3) Importer(815301076,1909f56bfc062723c751e8b465ee728b)
Start importing Assets/Sprites/superpowers-asset-packs-master/western-fps-2d/background-elements/grass-1.png using Guid(38984bb044bc6ee42bf72951550103d3) Importer(815301076,1909f56bfc062723c751e8b465ee728b)  -> (artifact id: '32a5ef3a162f3b0fbb18461d74c9b631') in 0.024429 seconds
  Import took 0.029899 seconds .

========================================================================
Received Import Request.
  Time since last request: 0.000264 seconds.
  path: Assets/Sprites/superpowers-asset-packs-master/3d-character/environment/background-texture.png
  artifactKey: Guid(aa29980c91fba6a42aaca4c5341dc3ce) Importer(815301076,1909f56bfc062723c751e8b465ee728b)
Start importing Assets/Sprites/superpowers-asset-packs-master/3d-character/environment/background-texture.png using Guid(aa29980c91fba6a42aaca4c5341dc3ce) Importer(815301076,1909f56bfc062723c751e8b465ee728b)  -> (artifact id: 'd05cfc7ab2c70d1d26c2e83be2d11d3c') in 0.033222 seconds
  Import took 0.038434 seconds .

========================================================================
Received Import Request.
  Time since last request: 0.000178 seconds.
  path: Assets/Sprites/superpowers-asset-packs-master/prehistoric-platformer/background-elements/grass-1.png
  artifactKey: Guid(eef2df59ffef96848af10b1266bd246a) Importer(815301076,1909f56bfc062723c751e8b465ee728b)
Start importing Assets/Sprites/superpowers-asset-packs-master/prehistoric-platformer/background-elements/grass-1.png using Guid(eef2df59ffef96848af10b1266bd246a) Importer(815301076,1909f56bfc062723c751e8b465ee728b)  -> (artifact id: '5c7f2f0bee8ff8e8b9428bd53593c911') in 0.040349 seconds
  Import took 0.046046 seconds .

========================================================================
Received Import Request.
  Time since last request: 28.455597 seconds.
  path: Assets/Sprites/superpowers-asset-packs-master/prehistoric-platformer/characters/playable/gif-example/4-fall.gif
  artifactKey: Guid(1a4907e7d11215840bc7c1cdd1e0e721) Importer(815301076,1909f56bfc062723c751e8b465ee728b)
Start importing Assets/Sprites/superpowers-asset-packs-master/prehistoric-platformer/characters/playable/gif-example/4-fall.gif using Guid(1a4907e7d11215840bc7c1cdd1e0e721) Importer(815301076,1909f56bfc062723c751e8b465ee728b)  -> (artifact id: 'd7029e127a379a259a3ddfd880d4817d') in 0.034792 seconds
  Import took 0.040693 seconds .

========================================================================
Received Import Request.
  Time since last request: 0.001042 seconds.
  path: Assets/Sprites/superpowers-asset-packs-master/prehistoric-platformer/characters/playable/gif-example/4-fall.gif
  artifactKey: Guid(1a4907e7d11215840bc7c1cdd1e0e721) Importer(815301076,1909f56bfc062723c751e8b465ee728b)
Start importing Assets/Sprites/superpowers-asset-packs-master/prehistoric-platformer/characters/playable/gif-example/4-fall.gif using Guid(1a4907e7d11215840bc7c1cdd1e0e721) Importer(815301076,1909f56bfc062723c751e8b465ee728b)  -> (artifact id: 'd7029e127a379a259a3ddfd880d4817d') in 0.015533 seconds
  Import took 0.022176 seconds .

========================================================================
Received Import Request.
  Time since last request: 68.790485 seconds.
  path: Assets/Prefabs/Character/Monster/DW/Fishman.asset
  artifactKey: Guid(afdc162552c39af40ab6f6e2d7952478) Importer(815301076,1909f56bfc062723c751e8b465ee728b)
Start importing Assets/Prefabs/Character/Monster/DW/Fishman.asset using Guid(afdc162552c39af40ab6f6e2d7952478) Importer(815301076,1909f56bfc062723c751e8b465ee728b)  -> (artifact id: '70974cce6a468ea0da4388d410fc2645') in 0.081620 seconds
  Import took 0.087449 seconds .

========================================================================
Received Import Request.
  Time since last request: 0.000215 seconds.
  path: Assets/Prefabs/Character/Monster/DW/WGoblin.asset
  artifactKey: Guid(90c35f9013da4e54489e59c6940f2dc3) Importer(815301076,1909f56bfc062723c751e8b465ee728b)
Start importing Assets/Prefabs/Character/Monster/DW/WGoblin.asset using Guid(90c35f9013da4e54489e59c6940f2dc3) Importer(815301076,1909f56bfc062723c751e8b465ee728b)  -> (artifact id: '235bc09987cdb502c9ef14c7411558c6') in 0.029699 seconds
  Import took 0.034926 seconds .

========================================================================
Received Import Request.
  Time since last request: 0.001060 seconds.
  path: Assets/Prefabs/Character/Monster/DW/ฺWBoar.asset
  artifactKey: Guid(3c46b209c5159bf4883e54162cd53991) Importer(815301076,1909f56bfc062723c751e8b465ee728b)
Start importing Assets/Prefabs/Character/Monster/DW/ฺWBoar.asset using Guid(3c46b209c5159bf4883e54162cd53991) Importer(815301076,1909f56bfc062723c751e8b465ee728b)  -> (artifact id: 'dbc0f4ba4d0a12c3044e6ea65a5b4c8a') in 0.027468 seconds
  Import took 0.032967 seconds .

========================================================================
Received Import Request.
  Time since last request: 0.000206 seconds.
  path: Assets/Prefabs/Character/Monster/DW/WSlime.asset
  artifactKey: Guid(b9669e335b19124499d47712e87b7978) Importer(815301076,1909f56bfc062723c751e8b465ee728b)
Start importing Assets/Prefabs/Character/Monster/DW/WSlime.asset using Guid(b9669e335b19124499d47712e87b7978) Importer(815301076,1909f56bfc062723c751e8b465ee728b)  -> (artifact id: '2c857be3e493c6b69772970711387502') in 0.032719 seconds
  Import took 0.038530 seconds .

========================================================================
Received Import Request.
  Time since last request: 16.070355 seconds.
  path: Assets/Sprites/rpg-battle-system/char/bowman/faceset-b.png
  artifactKey: Guid(3efb9688c466fc94682ef5b1f39d4c6f) Importer(815301076,1909f56bfc062723c751e8b465ee728b)
Start importing Assets/Sprites/rpg-battle-system/char/bowman/faceset-b.png using Guid(3efb9688c466fc94682ef5b1f39d4c6f) Importer(815301076,1909f56bfc062723c751e8b465ee728b)  -> (artifact id: '03d9ed190f1ab5a4abc19cb7d067746a') in 0.024458 seconds
  Import took 0.031703 seconds .

========================================================================
Received Import Request.
  Time since last request: 0.000330 seconds.
  path: Assets/Sprites/flatDark/flatDark04.png
  artifactKey: Guid(c9f39f74987344b42bb613858ff558a4) Importer(815301076,1909f56bfc062723c751e8b465ee728b)
Start importing Assets/Sprites/flatDark/flatDark04.png using Guid(c9f39f74987344b42bb613858ff558a4) Importer(815301076,1909f56bfc062723c751e8b465ee728b)  -> (artifact id: '0f919a39b0388550bd8f136b9ca829ba') in 0.020096 seconds
  Import took 0.025094 seconds .

========================================================================
Received Import Request.
  Time since last request: 0.000207 seconds.
  path: Assets/Sprites/flatDark/flatDark02.png
  artifactKey: Guid(58eb1859b53d23940b0a146fc0b2ee8a) Importer(815301076,1909f56bfc062723c751e8b465ee728b)
Start importing Assets/Sprites/flatDark/flatDark02.png using Guid(58eb1859b53d23940b0a146fc0b2ee8a) Importer(815301076,1909f56bfc062723c751e8b465ee728b)  -> (artifact id: '798372b8042cc930b8428e453e98b525') in 0.024270 seconds
  Import took 0.030027 seconds .

========================================================================
Received Import Request.
  Time since last request: 0.000185 seconds.
  path: Assets/Sprites/flatDark/flatDark00.png
  artifactKey: Guid(949d0b88cc1d61948a2e1593e2d91db0) Importer(815301076,1909f56bfc062723c751e8b465ee728b)
Start importing Assets/Sprites/flatDark/flatDark00.png using Guid(949d0b88cc1d61948a2e1593e2d91db0) Importer(815301076,1909f56bfc062723c751e8b465ee728b)  -> (artifact id: 'c5c93e6dac3fd13fa557be077e6a7dd0') in 0.026243 seconds
  Import took 0.032044 seconds .

========================================================================
Received Import Request.
  Time since last request: 0.000206 seconds.
  path: Assets/Sprites/flatDark/flatDark05.png
  artifactKey: Guid(b2f6e97e24a61724281c525b72321ba1) Importer(815301076,1909f56bfc062723c751e8b465ee728b)
Start importing Assets/Sprites/flatDark/flatDark05.png using Guid(b2f6e97e24a61724281c525b72321ba1) Importer(815301076,1909f56bfc062723c751e8b465ee728b)  -> (artifact id: '835f752bda9b33b910d039fa2ac41ab4') in 0.021120 seconds
  Import took 0.026788 seconds .

========================================================================
Received Import Request.
  Time since last request: 0.000188 seconds.
  path: Assets/Sprites/rpg-battle-system/char/bowman/faceset-b.png
  artifactKey: Guid(3efb9688c466fc94682ef5b1f39d4c6f) Importer(815301076,1909f56bfc062723c751e8b465ee728b)
Start importing Assets/Sprites/rpg-battle-system/char/bowman/faceset-b.png using Guid(3efb9688c466fc94682ef5b1f39d4c6f) Importer(815301076,1909f56bfc062723c751e8b465ee728b)  -> (artifact id: '03d9ed190f1ab5a4abc19cb7d067746a') in 0.014118 seconds
  Import took 0.019061 seconds .

========================================================================
Received Import Request.
  Time since last request: 0.000192 seconds.
  path: Assets/Sprites/flatDark/flatDark01.png
  artifactKey: Guid(1675bbfb9d4205240ad76f55eb1f3663) Importer(815301076,1909f56bfc062723c751e8b465ee728b)
Start importing Assets/Sprites/flatDark/flatDark01.png using Guid(1675bbfb9d4205240ad76f55eb1f3663) Importer(815301076,1909f56bfc062723c751e8b465ee728b)  -> (artifact id: 'e18137a7b590ae6f9cc4efe78471d994') in 0.025518 seconds
  Import took 0.030786 seconds .

========================================================================
Received Import Request.
  Time since last request: 0.000185 seconds.
  path: Assets/Sprites/flatDark/flatDark03.png
  artifactKey: Guid(b8f77672174b9dd4e935e6516202b639) Importer(815301076,1909f56bfc062723c751e8b465ee728b)
Start importing Assets/Sprites/flatDark/flatDark03.png using Guid(b8f77672174b9dd4e935e6516202b639) Importer(815301076,1909f56bfc062723c751e8b465ee728b)  -> (artifact id: 'b700da1af78c652289bdb7df2ba3117e') in 0.024348 seconds
  Import took 0.034739 seconds .

========================================================================
Received Import Request.
  Time since last request: 4582.761581 seconds.
  path: Assets/Prefabs/Character/Monster/DH/Goblin.asset
  artifactKey: Guid(e8a8ad7991b57f94787e8fd3547a3644) Importer(815301076,1909f56bfc062723c751e8b465ee728b)
Start importing Assets/Prefabs/Character/Monster/DH/Goblin.asset using Guid(e8a8ad7991b57f94787e8fd3547a3644) Importer(815301076,1909f56bfc062723c751e8b465ee728b)  -> (artifact id: 'e7c95b797fdfe24e4b6a0ce03a9e2dfd') in 0.094837 seconds
  Import took 0.121828 seconds .

========================================================================
Received Import Request.
  Time since last request: 0.000405 seconds.
  path: Assets/Prefabs/Character/Monster/DH/ฺBoar.asset
  artifactKey: Guid(a1ee9552434744d44b4469b80c5f7140) Importer(815301076,1909f56bfc062723c751e8b465ee728b)
Start importing Assets/Prefabs/Character/Monster/DH/ฺBoar.asset using Guid(a1ee9552434744d44b4469b80c5f7140) Importer(815301076,1909f56bfc062723c751e8b465ee728b)  -> (artifact id: 'fe93c5e3be043f4078776463f189e945') in 0.043780 seconds
  Import took 0.051200 seconds .

========================================================================
Received Import Request.
  Time since last request: 0.000764 seconds.
  path: Assets/Prefabs/Character/Monster/DH/Goblin.asset
  artifactKey: Guid(e8a8ad7991b57f94787e8fd3547a3644) Importer(815301076,1909f56bfc062723c751e8b465ee728b)
Start importing Assets/Prefabs/Character/Monster/DH/Goblin.asset using Guid(e8a8ad7991b57f94787e8fd3547a3644) Importer(815301076,1909f56bfc062723c751e8b465ee728b)  -> (artifact id: 'e7c95b797fdfe24e4b6a0ce03a9e2dfd') in 0.013766 seconds
  Import took 0.020289 seconds .

========================================================================
Received Import Request.
  Time since last request: 0.000288 seconds.
  path: Assets/Prefabs/Character/Monster/DH/Slime.asset
  artifactKey: Guid(bddda4543b7a49e42b3f704b59daac1a) Importer(815301076,1909f56bfc062723c751e8b465ee728b)
Start importing Assets/Prefabs/Character/Monster/DH/Slime.asset using Guid(bddda4543b7a49e42b3f704b59daac1a) Importer(815301076,1909f56bfc062723c751e8b465ee728b)  -> (artifact id: '8594062f35172b033f292e153470b944') in 0.040109 seconds
  Import took 0.046025 seconds .

========================================================================
Received Import Request.
  Time since last request: 34.742361 seconds.
  path: Assets/Art/Character/Monster/Idlegoblin (1).png
  artifactKey: Guid(61ab8d7bb2f1e3f4299434cce4d4e997) Importer(815301076,1909f56bfc062723c751e8b465ee728b)
Start importing Assets/Art/Character/Monster/Idlegoblin (1).png using Guid(61ab8d7bb2f1e3f4299434cce4d4e997) Importer(815301076,1909f56bfc062723c751e8b465ee728b)  -> (artifact id: 'ef5aadbb588f488bb4e5ffeb2fdcc11b') in 0.119844 seconds
  Import took 0.126761 seconds .

========================================================================
Received Import Request.
  Time since last request: 0.000257 seconds.
  path: Assets/Art/Character/Monster/Idlepig.png
  artifactKey: Guid(cabc9615baa32af47b709bdd66b10ba7) Importer(815301076,1909f56bfc062723c751e8b465ee728b)
Start importing Assets/Art/Character/Monster/Idlepig.png using Guid(cabc9615baa32af47b709bdd66b10ba7) Importer(815301076,1909f56bfc062723c751e8b465ee728b)  -> (artifact id: '28029abc2df35bd79b49497f3d34a976') in 0.145536 seconds
  Import took 0.151015 seconds .

========================================================================
Received Import Request.
  Time since last request: 0.001085 seconds.
  path: Assets/Art/Character/Monster/Idleslime.png
  artifactKey: Guid(f8e7a45dbd682444284415a172a3fbc9) Importer(815301076,1909f56bfc062723c751e8b465ee728b)
Start importing Assets/Art/Character/Monster/Idleslime.png using Guid(f8e7a45dbd682444284415a172a3fbc9) Importer(815301076,1909f56bfc062723c751e8b465ee728b)  -> (artifact id: 'a595088e29b033955f4f048766c0fe3d') in 0.056086 seconds
  Import took 0.062259 seconds .

========================================================================
Received Import Request.
  Time since last request: 0.000192 seconds.
  path: Assets/Art/Character/Monster/Idlelizard.png
  artifactKey: Guid(8853d33173490cb40abdcba0e1c0497e) Importer(815301076,1909f56bfc062723c751e8b465ee728b)
Start importing Assets/Art/Character/Monster/Idlelizard.png using Guid(8853d33173490cb40abdcba0e1c0497e) Importer(815301076,1909f56bfc062723c751e8b465ee728b)  -> (artifact id: '8d7eb3b48fa017e95c97a2b3f17edeac') in 0.058540 seconds
  Import took 0.063556 seconds .

========================================================================
Received Import Request.
  Time since last request: 35.334062 seconds.
  path: Assets/Art/Character/Player/Idle1.png
  artifactKey: Guid(a7e6b9a2ec2730440b73c6e742e45833) Importer(815301076,1909f56bfc062723c751e8b465ee728b)
Start importing Assets/Art/Character/Player/Idle1.png using Guid(a7e6b9a2ec2730440b73c6e742e45833) Importer(815301076,1909f56bfc062723c751e8b465ee728b)  -> (artifact id: '091f939a5a42aed585b0885ce2146916') in 0.057320 seconds
  Import took 0.070078 seconds .

========================================================================
Received Import Request.
  Time since last request: 0.000252 seconds.
  path: Assets/Art/Character/Player/Idle4.png
  artifactKey: Guid(4f80c81aa4f23274f92ad7b8562ded05) Importer(815301076,1909f56bfc062723c751e8b465ee728b)
Start importing Assets/Art/Character/Player/Idle4.png using Guid(4f80c81aa4f23274f92ad7b8562ded05) Importer(815301076,1909f56bfc062723c751e8b465ee728b)  -> (artifact id: 'f3659b8f1913ed01827aec437fe63482') in 0.048154 seconds
  Import took 0.052750 seconds .

========================================================================
Received Import Request.
  Time since last request: 0.000227 seconds.
  path: Assets/Art/Character/Player/Idle2.png
  artifactKey: Guid(9d71e8c2fa72fb7448188c24f5cb5bf4) Importer(815301076,1909f56bfc062723c751e8b465ee728b)
Start importing Assets/Art/Character/Player/Idle2.png using Guid(9d71e8c2fa72fb7448188c24f5cb5bf4) Importer(815301076,1909f56bfc062723c751e8b465ee728b)  -> (artifact id: 'fb19df1e9e0d2cd16e47774ac126b261') in 0.055171 seconds
  Import took 0.059967 seconds .

========================================================================
Received Import Request.
  Time since last request: 0.000264 seconds.
  path: Assets/Art/Character/Player/Idle5.png
  artifactKey: Guid(979480307089cf14aa309ecdf849330b) Importer(815301076,1909f56bfc062723c751e8b465ee728b)
Start importing Assets/Art/Character/Player/Idle5.png using Guid(979480307089cf14aa309ecdf849330b) Importer(815301076,1909f56bfc062723c751e8b465ee728b)  -> (artifact id: '5a6eba239b2d51a14c18b8ebf07b12d0') in 0.056903 seconds
  Import took 0.067926 seconds .

========================================================================
Received Import Request.
  Time since last request: 0.000193 seconds.
  path: Assets/Art/Character/Player/Idle3 1.png
  artifactKey: Guid(9ba628c463b7e2e409db0454a1e5713e) Importer(815301076,1909f56bfc062723c751e8b465ee728b)
Start importing Assets/Art/Character/Player/Idle3 1.png using Guid(9ba628c463b7e2e409db0454a1e5713e) Importer(815301076,1909f56bfc062723c751e8b465ee728b)  -> (artifact id: '9dfb5538d55261cb366c120b71f62eb7') in 0.055392 seconds
  Import took 0.060742 seconds .

========================================================================
Received Import Request.
  Time since last request: 57.491048 seconds.
  path: Assets/Art/Character/Monster/Idlegoblin (1).png
  artifactKey: Guid(61ab8d7bb2f1e3f4299434cce4d4e997) Importer(815301076,1909f56bfc062723c751e8b465ee728b)
Start importing Assets/Art/Character/Monster/Idlegoblin (1).png using Guid(61ab8d7bb2f1e3f4299434cce4d4e997) Importer(815301076,1909f56bfc062723c751e8b465ee728b)  -> (artifact id: 'bc2aec20c92052e62c7538203fd0652b') in 0.062514 seconds
  Import took 0.067503 seconds .

========================================================================
Received Import Request.
  Time since last request: 9.154294 seconds.
  path: Assets/Art/Character/Monster/Idlegoblin (1).png
  artifactKey: Guid(61ab8d7bb2f1e3f4299434cce4d4e997) Importer(815301076,1909f56bfc062723c751e8b465ee728b)
Start importing Assets/Art/Character/Monster/Idlegoblin (1).png using Guid(61ab8d7bb2f1e3f4299434cce4d4e997) Importer(815301076,1909f56bfc062723c751e8b465ee728b)  -> (artifact id: 'dbdca4a6884a61f1597cf74c40367275') in 0.057843 seconds
  Import took 0.066133 seconds .

========================================================================
Received Import Request.
  Time since last request: 9.862854 seconds.
  path: Assets/Art/Character/Monster/Idlelizard.png
  artifactKey: Guid(8853d33173490cb40abdcba0e1c0497e) Importer(815301076,1909f56bfc062723c751e8b465ee728b)
Start importing Assets/Art/Character/Monster/Idlelizard.png using Guid(8853d33173490cb40abdcba0e1c0497e) Importer(815301076,1909f56bfc062723c751e8b465ee728b)  -> (artifact id: '5db7ff595d847814590d7137f028c44b') in 0.061379 seconds
  Import took 0.066280 seconds .

========================================================================
Received Import Request.
  Time since last request: 6.191692 seconds.
  path: Assets/Art/Character/Monster/Idlelizard.png
  artifactKey: Guid(8853d33173490cb40abdcba0e1c0497e) Importer(815301076,1909f56bfc062723c751e8b465ee728b)
Start importing Assets/Art/Character/Monster/Idlelizard.png using Guid(8853d33173490cb40abdcba0e1c0497e) Importer(815301076,1909f56bfc062723c751e8b465ee728b)  -> (artifact id: '13cba65aa48e02aa90286752480d5f00') in 0.056305 seconds
  Import took 0.062260 seconds .

========================================================================
Received Import Request.
  Time since last request: 9.131251 seconds.
  path: Assets/Art/Character/Monster/Idlepig.png
  artifactKey: Guid(cabc9615baa32af47b709bdd66b10ba7) Importer(815301076,1909f56bfc062723c751e8b465ee728b)
Start importing Assets/Art/Character/Monster/Idlepig.png using Guid(cabc9615baa32af47b709bdd66b10ba7) Importer(815301076,1909f56bfc062723c751e8b465ee728b)  -> (artifact id: 'dbaa89b1cd9bc3da146cea8399014af3') in 0.061672 seconds
  Import took 0.066510 seconds .

========================================================================
Received Import Request.
  Time since last request: 6.191549 seconds.
  path: Assets/Art/Character/Monster/Idlepig.png
  artifactKey: Guid(cabc9615baa32af47b709bdd66b10ba7) Importer(815301076,1909f56bfc062723c751e8b465ee728b)
Start importing Assets/Art/Character/Monster/Idlepig.png using Guid(cabc9615baa32af47b709bdd66b10ba7) Importer(815301076,1909f56bfc062723c751e8b465ee728b)  -> (artifact id: '8b176fbc2a6d55f15ac4246400b1ada1') in 0.055844 seconds
  Import took 0.060860 seconds .

========================================================================
Received Import Request.
  Time since last request: 30.323449 seconds.
  path: Assets/Art/Character/Monster/Idleslime.png
  artifactKey: Guid(f8e7a45dbd682444284415a172a3fbc9) Importer(815301076,1909f56bfc062723c751e8b465ee728b)
Start importing Assets/Art/Character/Monster/Idleslime.png using Guid(f8e7a45dbd682444284415a172a3fbc9) Importer(815301076,1909f56bfc062723c751e8b465ee728b)  -> (artifact id: '50b2eca8db1523247df16d67c174d9f4') in 0.056316 seconds
  Import took 0.061367 seconds .

========================================================================
Received Import Request.
  Time since last request: 6.988816 seconds.
  path: Assets/Art/Character/Monster/Idleslime.png
  artifactKey: Guid(f8e7a45dbd682444284415a172a3fbc9) Importer(815301076,1909f56bfc062723c751e8b465ee728b)
Start importing Assets/Art/Character/Monster/Idleslime.png using Guid(f8e7a45dbd682444284415a172a3fbc9) Importer(815301076,1909f56bfc062723c751e8b465ee728b)  -> (artifact id: '65b1c748fd7561dc8f0731c6235eb11c') in 0.060031 seconds
  Import took 0.071990 seconds .

========================================================================
Received Import Request.
  Time since last request: 17.609534 seconds.
  path: Assets/Sprites/superpowers-asset-packs-master/3d-character/environment/bg-1.png
  artifactKey: Guid(f1af553aafa4ce74c99fc2d9622d96f0) Importer(815301076,1909f56bfc062723c751e8b465ee728b)
Start importing Assets/Sprites/superpowers-asset-packs-master/3d-character/environment/bg-1.png using Guid(f1af553aafa4ce74c99fc2d9622d96f0) Importer(815301076,1909f56bfc062723c751e8b465ee728b)  -> (artifact id: 'e086df7cf22b420305429adbbe3919a4') in 0.036209 seconds
  Import took 0.042778 seconds .

========================================================================
Received Import Request.
  Time since last request: 0.000267 seconds.
  path: Assets/Art/UI/ModernPurpleUI/ButtonActiveRounded.png
  artifactKey: Guid(e2f1a42b60f20d74da2c4e92f3c6ec9f) Importer(815301076,1909f56bfc062723c751e8b465ee728b)
Start importing Assets/Art/UI/ModernPurpleUI/ButtonActiveRounded.png using Guid(e2f1a42b60f20d74da2c4e92f3c6ec9f) Importer(815301076,1909f56bfc062723c751e8b465ee728b)  -> (artifact id: '343238f60c745f00af9f97e14ba453d1') in 0.029935 seconds
  Import took 0.034951 seconds .

========================================================================
Received Import Request.
  Time since last request: 0.000177 seconds.
  path: Assets/Art/UI/ModernPurpleUI/ButtonActive.png
  artifactKey: Guid(6a292a6d3cc7a5e439ec4bd3ca060d25) Importer(815301076,1909f56bfc062723c751e8b465ee728b)
Start importing Assets/Art/UI/ModernPurpleUI/ButtonActive.png using Guid(6a292a6d3cc7a5e439ec4bd3ca060d25) Importer(815301076,1909f56bfc062723c751e8b465ee728b)  -> (artifact id: '54f70c18346d94c0501cbdbb9fdd75fd') in 0.023837 seconds
  Import took 0.028895 seconds .

========================================================================
Received Import Request.
  Time since last request: 0.000177 seconds.
  path: Assets/Sprites/rpg-battle-system/HUD/black-strip.png
  artifactKey: Guid(de3b1374fc61b4147ba842e292c29af7) Importer(815301076,1909f56bfc062723c751e8b465ee728b)
Start importing Assets/Sprites/rpg-battle-system/HUD/black-strip.png using Guid(de3b1374fc61b4147ba842e292c29af7) Importer(815301076,1909f56bfc062723c751e8b465ee728b)  -> (artifact id: '1e6ec2d6773d708d86dd3de78eb939bd') in 0.035118 seconds
  Import took 0.040053 seconds .

========================================================================
Received Import Request.
  Time since last request: 0.000182 seconds.
  path: Assets/Sprites/superpowers-asset-packs-master/3d-character/environment/bg-2.png
  artifactKey: Guid(9763abff6e830b74082bfc884a978fbf) Importer(815301076,1909f56bfc062723c751e8b465ee728b)
Start importing Assets/Sprites/superpowers-asset-packs-master/3d-character/environment/bg-2.png using Guid(9763abff6e830b74082bfc884a978fbf) Importer(815301076,1909f56bfc062723c751e8b465ee728b)  -> (artifact id: '4ce8092ebbbf2690a236c03a02796ae4') in 0.029965 seconds
  Import took 0.035593 seconds .

========================================================================
Received Import Request.
  Time since last request: 0.000176 seconds.
  path: Assets/Art/UI/ModernPurpleUI/ButtonDefault.png
  artifactKey: Guid(fa81ceadbe0db1d49b2f15a41d6ad114) Importer(815301076,1909f56bfc062723c751e8b465ee728b)
Start importing Assets/Art/UI/ModernPurpleUI/ButtonDefault.png using Guid(fa81ceadbe0db1d49b2f15a41d6ad114) Importer(815301076,1909f56bfc062723c751e8b465ee728b)  -> (artifact id: '3937058e454b3a9e0d945d4561d6d88e') in 0.032523 seconds
  Import took 0.037543 seconds .

========================================================================
Received Prepare
Registering precompiled user dll's ...
Registered in 0.002548 seconds.
Begin MonoManager ReloadAssembly
Native extension for WindowsStandalone target not found
Native extension for WebGL target not found
Refreshing native plugins compatible for Editor in 2.59 ms, found 1 plugins.
Preloading 0 native plugins for Editor in 0.00 ms.
Mono: successfully reloaded assembly
- Completed reload, in  1.255 seconds
Platform modules already initialized, skipping
Switching build target platform(5) subTarget(0) extendedPlatform(0) -> platform(13) subTarget(537395200) extendedPlatform(0)
Refreshing native plugins compatible for Editor in 1.56 ms, found 1 plugins.
Preloading 0 native plugins for Editor in 0.00 ms.
Unloading 2312 Unused Serialized files (Serialized files now loaded: 0)
System memory in use before: 116.1 MB.
System memory in use after: 116.2 MB.

Unloading 11 unused Assets to reduce memory usage. Loaded Objects now: 2887.
Total: 4.041400 ms (FindLiveObjects: 0.815500 ms CreateObjectMapping: 0.515900 ms MarkObjects: 2.592100 ms  DeleteObjects: 0.116400 ms)

AssetImportParameters requested are different than current active one (requested -> active):
  custom:graphics/normal-map-encoding: 01000000000000000000000000000000 -> 02000000000000000000000000000000
========================================================================
Received Prepare
Registering precompiled user dll's ...
Registered in 0.002608 seconds.
Begin MonoManager ReloadAssembly
Native extension for WindowsStandalone target not found
Native extension for WebGL target not found
Refreshing native plugins compatible for Editor in 2.93 ms, found 1 plugins.
Preloading 0 native plugins for Editor in 0.00 ms.
Mono: successfully reloaded assembly
- Completed reload, in  1.533 seconds
Platform modules already initialized, skipping
Switching build target platform(5) subTarget(0) extendedPlatform(0) -> platform(13) subTarget(537395200) extendedPlatform(0)
Refreshing native plugins compatible for Editor in 3.29 ms, found 1 plugins.
Preloading 0 native plugins for Editor in 0.00 ms.
Unloading 2312 Unused Serialized files (Serialized files now loaded: 0)
System memory in use before: 116.1 MB.
System memory in use after: 116.2 MB.

Unloading 11 unused Assets to reduce memory usage. Loaded Objects now: 2891.
Total: 2.909500 ms (FindLiveObjects: 0.404800 ms CreateObjectMapping: 0.179800 ms MarkObjects: 2.238600 ms  DeleteObjects: 0.085000 ms)

AssetImportParameters requested are different than current active one (requested -> active):
  custom:graphics/normal-map-encoding: 01000000000000000000000000000000 -> 02000000000000000000000000000000
========================================================================
Received Import Request.
  Time since last request: 1818.096552 seconds.
  path: Assets/Prefabs/Character/Monster/DH/Goblin.asset
  artifactKey: Guid(e8a8ad7991b57f94787e8fd3547a3644) Importer(815301076,1909f56bfc062723c751e8b465ee728b)
Start importing Assets/Prefabs/Character/Monster/DH/Goblin.asset using Guid(e8a8ad7991b57f94787e8fd3547a3644) Importer(815301076,1909f56bfc062723c751e8b465ee728b)  -> (artifact id: '678bff1c4b9cc809533b9289aa87cedc') in 0.076705 seconds
  Import took 0.223366 seconds .

========================================================================
Received Import Request.
  Time since last request: 0.000199 seconds.
  path: Assets/Prefabs/Character/Monster/DH/ฺBoar.asset
  artifactKey: Guid(a1ee9552434744d44b4469b80c5f7140) Importer(815301076,1909f56bfc062723c751e8b465ee728b)
Start importing Assets/Prefabs/Character/Monster/DH/ฺBoar.asset using Guid(a1ee9552434744d44b4469b80c5f7140) Importer(815301076,1909f56bfc062723c751e8b465ee728b)  -> (artifact id: '01ec4eeacacf7ebf82f1df199dacd417') in 0.015293 seconds
  Import took 0.024755 seconds .

========================================================================
Received Import Request.
  Time since last request: 0.000210 seconds.
  path: Assets/Prefabs/Character/Monster/DH/Goblin.asset
  artifactKey: Guid(e8a8ad7991b57f94787e8fd3547a3644) Importer(815301076,1909f56bfc062723c751e8b465ee728b)
Start importing Assets/Prefabs/Character/Monster/DH/Goblin.asset using Guid(e8a8ad7991b57f94787e8fd3547a3644) Importer(815301076,1909f56bfc062723c751e8b465ee728b)  -> (artifact id: '678bff1c4b9cc809533b9289aa87cedc') in 0.012944 seconds
  Import took 0.017827 seconds .

========================================================================
Received Import Request.
  Time since last request: 0.000188 seconds.
  path: Assets/Prefabs/Character/Monster/DH/Slime.asset
  artifactKey: Guid(bddda4543b7a49e42b3f704b59daac1a) Importer(815301076,1909f56bfc062723c751e8b465ee728b)
Start importing Assets/Prefabs/Character/Monster/DH/Slime.asset using Guid(bddda4543b7a49e42b3f704b59daac1a) Importer(815301076,1909f56bfc062723c751e8b465ee728b)  -> (artifact id: 'fad20ba3aacb64c3e6f8bd7a6682cb92') in 0.014922 seconds
  Import took 0.021673 seconds .

========================================================================
Received Import Request.
  Time since last request: 0.066774 seconds.
  path: Assets/Prefabs/Character/Monster/DH/Slime.asset
  artifactKey: Guid(bddda4543b7a49e42b3f704b59daac1a) Importer(815301076,1909f56bfc062723c751e8b465ee728b)
Start importing Assets/Prefabs/Character/Monster/DH/Slime.asset using Guid(bddda4543b7a49e42b3f704b59daac1a) Importer(815301076,1909f56bfc062723c751e8b465ee728b)  -> (artifact id: 'fad20ba3aacb64c3e6f8bd7a6682cb92') in 0.016164 seconds
  Import took 0.046050 seconds .

========================================================================
Received Import Request.
  Time since last request: 42.423115 seconds.
  path: Assets/Prefabs/Character/Monster/DT/Spider.asset
  artifactKey: Guid(203142f22e61deb46b2530ad546ac915) Importer(815301076,1909f56bfc062723c751e8b465ee728b)
Start importing Assets/Prefabs/Character/Monster/DT/Spider.asset using Guid(203142f22e61deb46b2530ad546ac915) Importer(815301076,1909f56bfc062723c751e8b465ee728b)  -> (artifact id: 'b5aea325883b0cab48ab233d35955957') in 0.037740 seconds
  Import took 0.045983 seconds .

========================================================================
Received Import Request.
  Time since last request: 0.000247 seconds.
  path: Assets/Prefabs/Character/Monster/DT/ฺTBoar.asset
  artifactKey: Guid(57a3a1b2ccea837478e9af8c64e49ee4) Importer(815301076,1909f56bfc062723c751e8b465ee728b)
Start importing Assets/Prefabs/Character/Monster/DT/ฺTBoar.asset using Guid(57a3a1b2ccea837478e9af8c64e49ee4) Importer(815301076,1909f56bfc062723c751e8b465ee728b)  -> (artifact id: '59fbc4d96205a508da355b5e31135ecf') in 0.032939 seconds
  Import took 0.039670 seconds .

========================================================================
Received Import Request.
  Time since last request: 0.000218 seconds.
  path: Assets/Prefabs/Character/Monster/DT/TGoblin.asset
  artifactKey: Guid(da356483ca116ba42a41c68596d26b3b) Importer(815301076,1909f56bfc062723c751e8b465ee728b)
Start importing Assets/Prefabs/Character/Monster/DT/TGoblin.asset using Guid(da356483ca116ba42a41c68596d26b3b) Importer(815301076,1909f56bfc062723c751e8b465ee728b)  -> (artifact id: '1cabb70fc53d61c5d0fc4de2a2b6aa79') in 0.038525 seconds
  Import took 0.044098 seconds .

========================================================================
Received Import Request.
  Time since last request: 0.000174 seconds.
  path: Assets/Prefabs/Character/Monster/DT/TSlime.asset
  artifactKey: Guid(cc0145607b2ed994387b4b5f21342576) Importer(815301076,1909f56bfc062723c751e8b465ee728b)
Start importing Assets/Prefabs/Character/Monster/DT/TSlime.asset using Guid(cc0145607b2ed994387b4b5f21342576) Importer(815301076,1909f56bfc062723c751e8b465ee728b)  -> (artifact id: 'e66716305b167971cb43690b0dfbf2b6') in 0.035488 seconds
  Import took 0.042582 seconds .

========================================================================
Received Import Request.
  Time since last request: 0.000222 seconds.
  path: Assets/Prefabs/Character/Monster/DT/Spider.asset
  artifactKey: Guid(203142f22e61deb46b2530ad546ac915) Importer(815301076,1909f56bfc062723c751e8b465ee728b)
Start importing Assets/Prefabs/Character/Monster/DT/Spider.asset using Guid(203142f22e61deb46b2530ad546ac915) Importer(815301076,1909f56bfc062723c751e8b465ee728b)  -> (artifact id: 'b5aea325883b0cab48ab233d35955957') in 0.010746 seconds
  Import took 0.016042 seconds .

========================================================================
Received Import Request.
  Time since last request: 0.000162 seconds.
  path: Assets/Prefabs/Character/Monster/DT/TSlime.asset
  artifactKey: Guid(cc0145607b2ed994387b4b5f21342576) Importer(815301076,1909f56bfc062723c751e8b465ee728b)
Start importing Assets/Prefabs/Character/Monster/DT/TSlime.asset using Guid(cc0145607b2ed994387b4b5f21342576) Importer(815301076,1909f56bfc062723c751e8b465ee728b)  -> (artifact id: 'e66716305b167971cb43690b0dfbf2b6') in 0.008781 seconds
  Import took 0.013727 seconds .

========================================================================
Received Prepare
Refreshing native plugins compatible for Editor in 3.18 ms, found 1 plugins.
Preloading 0 native plugins for Editor in 0.00 ms.
Unloading 8 Unused Serialized files (Serialized files now loaded: 0)
System memory in use before: 70.7 MB.
System memory in use after: 70.8 MB.

Unloading 8 unused Assets to reduce memory usage. Loaded Objects now: 2891.
Total: 4.211000 ms (FindLiveObjects: 0.295800 ms CreateObjectMapping: 0.118500 ms MarkObjects: 3.683800 ms  DeleteObjects: 0.111700 ms)

========================================================================
Received Prepare
Registering precompiled user dll's ...
Registered in 0.002617 seconds.
Begin MonoManager ReloadAssembly
Native extension for WindowsStandalone target not found
Native extension for WebGL target not found
Refreshing native plugins compatible for Editor in 1.57 ms, found 1 plugins.
Preloading 0 native plugins for Editor in 0.00 ms.
Mono: successfully reloaded assembly
- Completed reload, in  1.441 seconds
Platform modules already initialized, skipping
Switching build target platform(5) subTarget(0) extendedPlatform(0) -> platform(13) subTarget(537395200) extendedPlatform(0)
Refreshing native plugins compatible for Editor in 1.65 ms, found 1 plugins.
Preloading 0 native plugins for Editor in 0.00 ms.
Unloading 2312 Unused Serialized files (Serialized files now loaded: 0)
System memory in use before: 116.1 MB.
System memory in use after: 116.2 MB.

Unloading 11 unused Assets to reduce memory usage. Loaded Objects now: 2895.
Total: 3.351500 ms (FindLiveObjects: 0.287600 ms CreateObjectMapping: 0.117400 ms MarkObjects: 2.857400 ms  DeleteObjects: 0.087900 ms)

AssetImportParameters requested are different than current active one (requested -> active):
  custom:graphics/normal-map-encoding: 01000000000000000000000000000000 -> 02000000000000000000000000000000
========================================================================
Received Import Request.
  Time since last request: 3488.570321 seconds.
  path: Assets/Prefabs/Character/Skill/Dragonic/Dragonic Attack.asset
  artifactKey: Guid(d75f41b2f808c7b4e9faab6a748bf313) Importer(815301076,1909f56bfc062723c751e8b465ee728b)
Start importing Assets/Prefabs/Character/Skill/Dragonic/Dragonic Attack.asset using Guid(d75f41b2f808c7b4e9faab6a748bf313) Importer(815301076,1909f56bfc062723c751e8b465ee728b)  -> (artifact id: 'e45f94954917d0d4e244344b0c08fe35') in 0.153812 seconds
  Import took 0.208369 seconds .

========================================================================
Received Prepare
Registering precompiled user dll's ...
Registered in 0.004874 seconds.
Begin MonoManager ReloadAssembly
Native extension for WindowsStandalone target not found
Native extension for WebGL target not found
Refreshing native plugins compatible for Editor in 2.40 ms, found 1 plugins.
Preloading 0 native plugins for Editor in 0.00 ms.
Mono: successfully reloaded assembly
- Completed reload, in  1.726 seconds
Platform modules already initialized, skipping
Switching build target platform(5) subTarget(0) extendedPlatform(0) -> platform(13) subTarget(537395200) extendedPlatform(0)
Refreshing native plugins compatible for Editor in 1.66 ms, found 1 plugins.
Preloading 0 native plugins for Editor in 0.00 ms.
Unloading 2312 Unused Serialized files (Serialized files now loaded: 0)
System memory in use before: 116.1 MB.
System memory in use after: 116.3 MB.

Unloading 11 unused Assets to reduce memory usage. Loaded Objects now: 2899.
Total: 3.484000 ms (FindLiveObjects: 0.454500 ms CreateObjectMapping: 0.291000 ms MarkObjects: 2.590000 ms  DeleteObjects: 0.130300 ms)

AssetImportParameters requested are different than current active one (requested -> active):
  custom:graphics/normal-map-encoding: 01000000000000000000000000000000 -> 02000000000000000000000000000000
========================================================================
Received Import Request.
  Time since last request: 568.686479 seconds.
  path: Assets/Prefabs/Character/Skill/Monster/Golem/G.Golem/G.Buff Def.asset
  artifactKey: Guid(f05e02a667a9b44418537fdd437b985a) Importer(815301076,1909f56bfc062723c751e8b465ee728b)
Start importing Assets/Prefabs/Character/Skill/Monster/Golem/G.Golem/G.Buff Def.asset using Guid(f05e02a667a9b44418537fdd437b985a) Importer(815301076,1909f56bfc062723c751e8b465ee728b)  -> (artifact id: '2e0ce72399cb02ddbe1de2ac6ccc4a56') in 0.029336 seconds
  Import took 0.036031 seconds .

========================================================================
Received Import Request.
  Time since last request: 0.475872 seconds.
  path: Assets/Prefabs/Character/Skill/Monster/Golem/W.Golem/W.Heal.asset
  artifactKey: Guid(7640cac52aa072f4e91feab28266a6ac) Importer(815301076,1909f56bfc062723c751e8b465ee728b)
Start importing Assets/Prefabs/Character/Skill/Monster/Golem/W.Golem/W.Heal.asset using Guid(7640cac52aa072f4e91feab28266a6ac) Importer(815301076,1909f56bfc062723c751e8b465ee728b)  -> (artifact id: 'b50962c9dbd7689f459d2d76e545ff0f') in 0.017286 seconds
  Import took 0.023508 seconds .

========================================================================
Received Prepare
Registering precompiled user dll's ...
Registered in 0.002507 seconds.
Begin MonoManager ReloadAssembly
Native extension for WindowsStandalone target not found
Native extension for WebGL target not found
Refreshing native plugins compatible for Editor in 2.84 ms, found 1 plugins.
Preloading 0 native plugins for Editor in 0.00 ms.
Mono: successfully reloaded assembly
- Completed reload, in  1.851 seconds
Platform modules already initialized, skipping
Switching build target platform(5) subTarget(0) extendedPlatform(0) -> platform(13) subTarget(537395200) extendedPlatform(0)
Refreshing native plugins compatible for Editor in 4.37 ms, found 1 plugins.
Preloading 0 native plugins for Editor in 0.00 ms.
Unloading 2312 Unused Serialized files (Serialized files now loaded: 0)
System memory in use before: 116.0 MB.
System memory in use after: 116.2 MB.

Unloading 11 unused Assets to reduce memory usage. Loaded Objects now: 2903.
Total: 5.151900 ms (FindLiveObjects: 0.751000 ms CreateObjectMapping: 0.253300 ms MarkObjects: 4.019500 ms  DeleteObjects: 0.126000 ms)

AssetImportParameters requested are different than current active one (requested -> active):
  custom:graphics/normal-map-encoding: 01000000000000000000000000000000 -> 02000000000000000000000000000000
========================================================================
Received Prepare
Registering precompiled user dll's ...
Registered in 0.005625 seconds.
Begin MonoManager ReloadAssembly
Native extension for WindowsStandalone target not found
Native extension for WebGL target not found
Refreshing native plugins compatible for Editor in 2.02 ms, found 1 plugins.
Preloading 0 native plugins for Editor in 0.00 ms.
Mono: successfully reloaded assembly
- Completed reload, in  1.539 seconds
Platform modules already initialized, skipping
Switching build target platform(5) subTarget(0) extendedPlatform(0) -> platform(13) subTarget(537395200) extendedPlatform(0)
Refreshing native plugins compatible for Editor in 1.74 ms, found 1 plugins.
Preloading 0 native plugins for Editor in 0.00 ms.
Unloading 2312 Unused Serialized files (Serialized files now loaded: 0)
System memory in use before: 116.0 MB.
System memory in use after: 116.2 MB.

Unloading 11 unused Assets to reduce memory usage. Loaded Objects now: 2907.
Total: 2.846600 ms (FindLiveObjects: 0.261000 ms CreateObjectMapping: 0.119400 ms MarkObjects: 2.320200 ms  DeleteObjects: 0.144600 ms)

AssetImportParameters requested are different than current active one (requested -> active):
  custom:graphics/normal-map-encoding: 01000000000000000000000000000000 -> 02000000000000000000000000000000
========================================================================
Received Prepare
Registering precompiled user dll's ...
Registered in 0.002754 seconds.
Begin MonoManager ReloadAssembly
Native extension for WindowsStandalone target not found
Native extension for WebGL target not found
Refreshing native plugins compatible for Editor in 1.65 ms, found 1 plugins.
Preloading 0 native plugins for Editor in 0.00 ms.
Mono: successfully reloaded assembly
- Completed reload, in  1.401 seconds
Platform modules already initialized, skipping
Switching build target platform(5) subTarget(0) extendedPlatform(0) -> platform(13) subTarget(537395200) extendedPlatform(0)
Refreshing native plugins compatible for Editor in 1.93 ms, found 1 plugins.
Preloading 0 native plugins for Editor in 0.00 ms.
Unloading 2312 Unused Serialized files (Serialized files now loaded: 0)
System memory in use before: 116.0 MB.
System memory in use after: 116.2 MB.

Unloading 11 unused Assets to reduce memory usage. Loaded Objects now: 2911.
Total: 4.503700 ms (FindLiveObjects: 1.433100 ms CreateObjectMapping: 0.155500 ms MarkObjects: 2.767000 ms  DeleteObjects: 0.146500 ms)

AssetImportParameters requested are different than current active one (requested -> active):
  custom:graphics/normal-map-encoding: 01000000000000000000000000000000 -> 02000000000000000000000000000000
========================================================================
Received Prepare
Registering precompiled user dll's ...
Registered in 0.002485 seconds.
Begin MonoManager ReloadAssembly
Native extension for WindowsStandalone target not found
Native extension for WebGL target not found
Refreshing native plugins compatible for Editor in 1.64 ms, found 1 plugins.
Preloading 0 native plugins for Editor in 0.00 ms.
Mono: successfully reloaded assembly
- Completed reload, in  1.592 seconds
Platform modules already initialized, skipping
Switching build target platform(5) subTarget(0) extendedPlatform(0) -> platform(13) subTarget(537395200) extendedPlatform(0)
Refreshing native plugins compatible for Editor in 1.65 ms, found 1 plugins.
Preloading 0 native plugins for Editor in 0.00 ms.
Unloading 2312 Unused Serialized files (Serialized files now loaded: 0)
System memory in use before: 116.1 MB.
System memory in use after: 116.3 MB.

Unloading 11 unused Assets to reduce memory usage. Loaded Objects now: 2915.
Total: 3.504000 ms (FindLiveObjects: 0.349900 ms CreateObjectMapping: 0.217600 ms MarkObjects: 2.782700 ms  DeleteObjects: 0.152300 ms)

AssetImportParameters requested are different than current active one (requested -> active):
  custom:graphics/normal-map-encoding: 01000000000000000000000000000000 -> 02000000000000000000000000000000
========================================================================
Received Import Request.
  Time since last request: 3215.197719 seconds.
  path: Assets/Prefabs/Character/Player/Beetle.asset
  artifactKey: Guid(c10b62cc034aae54896952525f92c9cc) Importer(815301076,1909f56bfc062723c751e8b465ee728b)
Start importing Assets/Prefabs/Character/Player/Beetle.asset using Guid(c10b62cc034aae54896952525f92c9cc) Importer(815301076,1909f56bfc062723c751e8b465ee728b)  -> (artifact id: 'a6c16de89eaf82924471689e8a0510e1') in 0.097714 seconds
  Import took 0.106938 seconds .

========================================================================
Received Import Request.
  Time since last request: 0.000264 seconds.
  path: Assets/Prefabs/Character/Player/Dragonic.asset
  artifactKey: Guid(320b129c29a2ef34282e8ab12bd50331) Importer(815301076,1909f56bfc062723c751e8b465ee728b)
Start importing Assets/Prefabs/Character/Player/Dragonic.asset using Guid(320b129c29a2ef34282e8ab12bd50331) Importer(815301076,1909f56bfc062723c751e8b465ee728b)  -> (artifact id: 'fbe7074c959345f614f587c0cdf5336b') in 0.057506 seconds
  Import took 0.064568 seconds .

========================================================================
Received Import Request.
  Time since last request: 0.000182 seconds.
  path: Assets/Prefabs/Character/Player/Druid.asset
  artifactKey: Guid(c097421be93a25c4392a38c2a3f4339a) Importer(815301076,1909f56bfc062723c751e8b465ee728b)
Start importing Assets/Prefabs/Character/Player/Druid.asset using Guid(c097421be93a25c4392a38c2a3f4339a) Importer(815301076,1909f56bfc062723c751e8b465ee728b)  -> (artifact id: '1e97d7f06f6c45cbc3212d07cb41cac1') in 0.048971 seconds
  Import took 0.055534 seconds .

========================================================================
Received Import Request.
  Time since last request: 0.000213 seconds.
  path: Assets/Prefabs/Character/Player/Protagonist.asset
  artifactKey: Guid(ec488938b1c1d914a8452de425c3d601) Importer(815301076,1909f56bfc062723c751e8b465ee728b)
Start importing Assets/Prefabs/Character/Player/Protagonist.asset using Guid(ec488938b1c1d914a8452de425c3d601) Importer(815301076,1909f56bfc062723c751e8b465ee728b)  -> (artifact id: 'cff2efc7f9d78eafeb3dfa29aafffced') in 0.120550 seconds
  Import took 0.127877 seconds .

========================================================================
Received Import Request.
  Time since last request: 0.000202 seconds.
  path: Assets/Prefabs/Character/Player/Siren.asset
  artifactKey: Guid(8138fb0d99cb7b94d8af4811b4e4ee6e) Importer(815301076,1909f56bfc062723c751e8b465ee728b)
Start importing Assets/Prefabs/Character/Player/Siren.asset using Guid(8138fb0d99cb7b94d8af4811b4e4ee6e) Importer(815301076,1909f56bfc062723c751e8b465ee728b)  -> (artifact id: '46d5ceb7243743e89c6c0ab29a1e4837') in 0.058148 seconds
  Import took 0.064405 seconds .

========================================================================
Received Prepare
Registering precompiled user dll's ...
Registered in 0.007475 seconds.
Begin MonoManager ReloadAssembly
Native extension for WindowsStandalone target not found
Native extension for WebGL target not found
Refreshing native plugins compatible for Editor in 2.06 ms, found 1 plugins.
Preloading 0 native plugins for Editor in 0.00 ms.
Mono: successfully reloaded assembly
- Completed reload, in  1.495 seconds
Platform modules already initialized, skipping
Switching build target platform(5) subTarget(0) extendedPlatform(0) -> platform(13) subTarget(537395200) extendedPlatform(0)
Refreshing native plugins compatible for Editor in 1.82 ms, found 1 plugins.
Preloading 0 native plugins for Editor in 0.00 ms.
Unloading 2312 Unused Serialized files (Serialized files now loaded: 0)
System memory in use before: 116.2 MB.
System memory in use after: 116.3 MB.

Unloading 11 unused Assets to reduce memory usage. Loaded Objects now: 2919.
Total: 3.665500 ms (FindLiveObjects: 0.559200 ms CreateObjectMapping: 0.186600 ms MarkObjects: 2.825900 ms  DeleteObjects: 0.092100 ms)

AssetImportParameters requested are different than current active one (requested -> active):
  custom:graphics/normal-map-encoding: 01000000000000000000000000000000 -> 02000000000000000000000000000000
========================================================================
Received Prepare
Registering precompiled user dll's ...
Registered in 0.002542 seconds.
Begin MonoManager ReloadAssembly
Native extension for WindowsStandalone target not found
Native extension for WebGL target not found
Refreshing native plugins compatible for Editor in 1.87 ms, found 1 plugins.
Preloading 0 native plugins for Editor in 0.00 ms.
Mono: successfully reloaded assembly
- Completed reload, in  1.355 seconds
Platform modules already initialized, skipping
Switching build target platform(5) subTarget(0) extendedPlatform(0) -> platform(13) subTarget(537395200) extendedPlatform(0)
Refreshing native plugins compatible for Editor in 1.93 ms, found 1 plugins.
Preloading 0 native plugins for Editor in 0.00 ms.
Unloading 2312 Unused Serialized files (Serialized files now loaded: 0)
System memory in use before: 116.2 MB.
System memory in use after: 116.3 MB.

Unloading 11 unused Assets to reduce memory usage. Loaded Objects now: 2923.
Total: 3.566600 ms (FindLiveObjects: 0.332700 ms CreateObjectMapping: 0.203000 ms MarkObjects: 2.772600 ms  DeleteObjects: 0.237200 ms)

AssetImportParameters requested are different than current active one (requested -> active):
  custom:graphics/normal-map-encoding: 01000000000000000000000000000000 -> 02000000000000000000000000000000
AssetImportWorkerClient::OnTransportError - code=2 error=End of file
