Using pre-set license
Built from '2020.3/staging' branch; Version is '2020.3.4f1 (0abb6314276a) revision 703331'; Using compiler version '192528614'; Build Type 'Release'
OS: 'Windows 10 Home; OS build 19042.1288; Version 2009; 64bit' Language: 'en' Physical Memory: 16332 MB
BatchMode: 1, IsHumanControllingUs: 0, StartBugReporterOnCrash: 0, Is64bit: 1, IsPro: 0

 COMMAND LINE ARGUMENTS:
C:\Program Files\Unity\Hub\Editor\2020.3.4f1\Editor\Unity.exe
-adb2
-batchMode
-noUpm
-name
AssetImportWorker1
-projectPath
D:/TurnBase Project/Real Project
-logFile
Logs/AssetImportWorker1.log
-srvPort
54518
Successfully changed project path to: D:/TurnBase Project/Real Project
D:/TurnBase Project/Real Project
Using Asset Import Pipeline V2.
Refreshing native plugins compatible for Editor in 1273.34 ms, found 1 plugins.
Preloading 0 native plugins for Editor in 0.00 ms.
Initialize engine version: 2020.3.4f1 (0abb6314276a)
[Subsystems] Discovering subsystems at path C:/Program Files/Unity/Hub/Editor/2020.3.4f1/Editor/Data/Resources/UnitySubsystems
[Subsystems] Discovering subsystems at path D:/TurnBase Project/Real Project/Assets
GfxDevice: creating device client; threaded=0
Direct3D:
    Version:  Direct3D 11.0 [level 11.1]
    Renderer: NVIDIA GeForce GTX 970 (ID=0x13c2)
    Vendor:   
    VRAM:     4043 MB
    Driver:   27.21.14.6647
Initialize mono
Mono path[0] = 'C:/Program Files/Unity/Hub/Editor/2020.3.4f1/Editor/Data/Managed'
Mono path[1] = 'C:/Program Files/Unity/Hub/Editor/2020.3.4f1/Editor/Data/MonoBleedingEdge/lib/mono/unityjit'
Mono config path = 'C:/Program Files/Unity/Hub/Editor/2020.3.4f1/Editor/Data/MonoBleedingEdge/etc'
Using monoOptions --debugger-agent=transport=dt_socket,embedding=1,server=y,suspend=n,address=127.0.0.1:56132
Begin MonoManager ReloadAssembly
Registering precompiled unity dll's ...
Register platform support module: C:/Program Files/Unity/Hub/Editor/2020.3.4f1/Editor/Data/PlaybackEngines/WebGLSupport/UnityEditor.WebGL.Extensions.dll
Register platform support module: C:/Program Files/Unity/Hub/Editor/2020.3.4f1/Editor/Data/PlaybackEngines/WindowsStandaloneSupport/UnityEditor.WindowsStandalone.Extensions.dll
Registered in 0.010758 seconds.
Native extension for WindowsStandalone target not found
Native extension for WebGL target not found
Refreshing native plugins compatible for Editor in 166.38 ms, found 1 plugins.
Preloading 0 native plugins for Editor in 0.00 ms.
Mono: successfully reloaded assembly
- Completed reload, in  4.864 seconds
Platform modules already initialized, skipping
Registering precompiled user dll's ...
Registered in 0.002995 seconds.
Begin MonoManager ReloadAssembly
Native extension for WindowsStandalone target not found
Native extension for WebGL target not found
Refreshing native plugins compatible for Editor in 471.98 ms, found 1 plugins.
Preloading 0 native plugins for Editor in 0.00 ms.
Mono: successfully reloaded assembly
- Completed reload, in  5.080 seconds
Platform modules already initialized, skipping
========================================================================
Worker process is ready to serve import requests
Launched and connected shader compiler UnityShaderCompiler.exe after 0.08 seconds
Refreshing native plugins compatible for Editor in 0.97 ms, found 1 plugins.
Preloading 0 native plugins for Editor in 0.00 ms.
Unloading 2328 Unused Serialized files (Serialized files now loaded: 0)
System memory in use before: 108.9 MB.
System memory in use after: 109.0 MB.

Unloading 25 unused Assets to reduce memory usage. Loaded Objects now: 2775.
Total: 17.251800 ms (FindLiveObjects: 0.340200 ms CreateObjectMapping: 0.258800 ms MarkObjects: 15.979400 ms  DeleteObjects: 0.671500 ms)

========================================================================
Received Import Request.
  path: Assets/Scripts/Battle System/SkillHUD.cs
  artifactKey: Guid(c43ce3471b7b51540af5e2c0d3faba16) Importer(815301076,1909f56bfc062723c751e8b465ee728b)
Start importing Assets/Scripts/Battle System/SkillHUD.cs using Guid(c43ce3471b7b51540af5e2c0d3faba16) Importer(815301076,1909f56bfc062723c751e8b465ee728b)  -> (artifact id: '01e8e94558f7a8e2bc69a311c5a5e9b7') in 0.036959 seconds
  Import took 0.044676 seconds .

========================================================================
Received Import Request.
  Time since last request: 16420.599480 seconds.
  path: Assets/Prefabs/Character/Skill/Fireball.asset
  artifactKey: Guid(52a86a83d74bc93409668f305b26bc48) Importer(815301076,1909f56bfc062723c751e8b465ee728b)
Start importing Assets/Prefabs/Character/Skill/Fireball.asset using Guid(52a86a83d74bc93409668f305b26bc48) Importer(815301076,1909f56bfc062723c751e8b465ee728b)  -> (artifact id: '1af931f2c14bcfe8070aea86b49c9f2a') in 0.140803 seconds
  Import took 0.216435 seconds .

========================================================================
Received Import Request.
  Time since last request: 0.000192 seconds.
  path: Assets/Prefabs/Character/Skill/Invisible.asset
  artifactKey: Guid(2381756dd9e3a2c409e861256ab55136) Importer(815301076,1909f56bfc062723c751e8b465ee728b)
Start importing Assets/Prefabs/Character/Skill/Invisible.asset using Guid(2381756dd9e3a2c409e861256ab55136) Importer(815301076,1909f56bfc062723c751e8b465ee728b)  -> (artifact id: '639a324a30677870efaa70d26b539ac4') in 0.021562 seconds
  Import took 0.026303 seconds .

========================================================================
Received Prepare
Registering precompiled user dll's ...
Registered in 0.002079 seconds.
Begin MonoManager ReloadAssembly
Native extension for WindowsStandalone target not found
Native extension for WebGL target not found
Refreshing native plugins compatible for Editor in 1.46 ms, found 1 plugins.
Preloading 0 native plugins for Editor in 0.00 ms.
Mono: successfully reloaded assembly
- Completed reload, in  1.555 seconds
Platform modules already initialized, skipping
Switching build target platform(5) subTarget(0) extendedPlatform(0) -> platform(13) subTarget(537395200) extendedPlatform(0)
Refreshing native plugins compatible for Editor in 1.29 ms, found 1 plugins.
Preloading 0 native plugins for Editor in 0.00 ms.
Unloading 2310 Unused Serialized files (Serialized files now loaded: 0)
System memory in use before: 107.6 MB.
System memory in use after: 107.7 MB.

Unloading 12 unused Assets to reduce memory usage. Loaded Objects now: 2779.
Total: 4.214900 ms (FindLiveObjects: 0.438000 ms CreateObjectMapping: 0.718200 ms MarkObjects: 2.903700 ms  DeleteObjects: 0.153200 ms)

AssetImportParameters requested are different than current active one (requested -> active):
  custom:graphics/normal-map-encoding: 01000000000000000000000000000000 -> 02000000000000000000000000000000
========================================================================
Received Prepare
Registering precompiled user dll's ...
Registered in 0.002229 seconds.
Begin MonoManager ReloadAssembly
Native extension for WindowsStandalone target not found
Native extension for WebGL target not found
Refreshing native plugins compatible for Editor in 0.94 ms, found 1 plugins.
Preloading 0 native plugins for Editor in 0.00 ms.
Mono: successfully reloaded assembly
- Completed reload, in  1.158 seconds
Platform modules already initialized, skipping
Switching build target platform(5) subTarget(0) extendedPlatform(0) -> platform(13) subTarget(537395200) extendedPlatform(0)
Refreshing native plugins compatible for Editor in 0.91 ms, found 1 plugins.
Preloading 0 native plugins for Editor in 0.00 ms.
Unloading 2310 Unused Serialized files (Serialized files now loaded: 0)
System memory in use before: 107.6 MB.
System memory in use after: 107.8 MB.

Unloading 12 unused Assets to reduce memory usage. Loaded Objects now: 2783.
Total: 2.741100 ms (FindLiveObjects: 0.286600 ms CreateObjectMapping: 0.194500 ms MarkObjects: 2.125900 ms  DeleteObjects: 0.133200 ms)

AssetImportParameters requested are different than current active one (requested -> active):
  custom:graphics/normal-map-encoding: 01000000000000000000000000000000 -> 02000000000000000000000000000000
========================================================================
Received Import Request.
  Time since last request: 2123.075219 seconds.
  path: Assets/Prefabs/Character/Skill/Invisible.asset
  artifactKey: Guid(2381756dd9e3a2c409e861256ab55136) Importer(815301076,1909f56bfc062723c751e8b465ee728b)
Start importing Assets/Prefabs/Character/Skill/Invisible.asset using Guid(2381756dd9e3a2c409e861256ab55136) Importer(815301076,1909f56bfc062723c751e8b465ee728b)  -> (artifact id: '5668ca6cf002d59309eaac9c36dc5abd') in 0.045254 seconds
  Import took 0.052337 seconds .

