Using pre-set license
Built from '2020.3/staging' branch; Version is '2020.3.4f1 (0abb6314276a) revision 703331'; Using compiler version '192528614'; Build Type 'Release'
OS: 'Windows 10 Home; OS build 19042.1348; Version 2009; 64bit' Language: 'en' Physical Memory: 16332 MB
BatchMode: 1, IsHumanControllingUs: 0, StartBugReporterOnCrash: 0, Is64bit: 1, IsPro: 0

 COMMAND LINE ARGUMENTS:
C:\Program Files\Unity\Hub\Editor\2020.3.4f1\Editor\Unity.exe
-adb2
-batchMode
-noUpm
-name
AssetImportWorker2
-projectPath
C:/Users/yohun/OneDrive/Documents/GitHub/Turnbase-Game
-logFile
Logs/AssetImportWorker2.log
-srvPort
53394
Successfully changed project path to: C:/Users/yohun/OneDrive/Documents/GitHub/Turnbase-Game
C:/Users/yohun/OneDrive/Documents/GitHub/Turnbase-Game
Using Asset Import Pipeline V2.
Refreshing native plugins compatible for Editor in 214.67 ms, found 1 plugins.
Preloading 0 native plugins for Editor in 0.00 ms.
Initialize engine version: 2020.3.4f1 (0abb6314276a)
[Subsystems] Discovering subsystems at path C:/Program Files/Unity/Hub/Editor/2020.3.4f1/Editor/Data/Resources/UnitySubsystems
[Subsystems] Discovering subsystems at path C:/Users/yohun/OneDrive/Documents/GitHub/Turnbase-Game/Assets
GfxDevice: creating device client; threaded=0
Direct3D:
    Version:  Direct3D 11.0 [level 11.1]
    Renderer: NVIDIA GeForce GTX 970 (ID=0x13c2)
    Vendor:   
    VRAM:     4043 MB
    Driver:   27.21.14.6647
Initialize mono
Mono path[0] = 'C:/Program Files/Unity/Hub/Editor/2020.3.4f1/Editor/Data/Managed'
Mono path[1] = 'C:/Program Files/Unity/Hub/Editor/2020.3.4f1/Editor/Data/MonoBleedingEdge/lib/mono/unityjit'
Mono config path = 'C:/Program Files/Unity/Hub/Editor/2020.3.4f1/Editor/Data/MonoBleedingEdge/etc'
Using monoOptions --debugger-agent=transport=dt_socket,embedding=1,server=y,suspend=n,address=127.0.0.1:56220
Begin MonoManager ReloadAssembly
Registering precompiled unity dll's ...
Register platform support module: C:/Program Files/Unity/Hub/Editor/2020.3.4f1/Editor/Data/PlaybackEngines/WebGLSupport/UnityEditor.WebGL.Extensions.dll
Register platform support module: C:/Program Files/Unity/Hub/Editor/2020.3.4f1/Editor/Data/PlaybackEngines/WindowsStandaloneSupport/UnityEditor.WindowsStandalone.Extensions.dll
Registered in 0.002492 seconds.
Native extension for WindowsStandalone target not found
Native extension for WebGL target not found
Refreshing native plugins compatible for Editor in 174.61 ms, found 1 plugins.
Preloading 0 native plugins for Editor in 0.00 ms.
Mono: successfully reloaded assembly
- Completed reload, in  3.037 seconds
Platform modules already initialized, skipping
Registering precompiled user dll's ...
Registered in 0.002377 seconds.
Begin MonoManager ReloadAssembly
Native extension for WindowsStandalone target not found
Native extension for WebGL target not found
Refreshing native plugins compatible for Editor in 158.16 ms, found 1 plugins.
Preloading 0 native plugins for Editor in 0.00 ms.
Mono: successfully reloaded assembly
- Completed reload, in  1.486 seconds
Platform modules already initialized, skipping
========================================================================
Worker process is ready to serve import requests
Launched and connected shader compiler UnityShaderCompiler.exe after 0.09 seconds
Refreshing native plugins compatible for Editor in 2.67 ms, found 1 plugins.
Preloading 0 native plugins for Editor in 0.00 ms.
Unloading 2329 Unused Serialized files (Serialized files now loaded: 0)
System memory in use before: 113.3 MB.
System memory in use after: 113.4 MB.

Unloading 24 unused Assets to reduce memory usage. Loaded Objects now: 2777.
Total: 2.789600 ms (FindLiveObjects: 0.287200 ms CreateObjectMapping: 0.205900 ms MarkObjects: 2.198100 ms  DeleteObjects: 0.097700 ms)

========================================================================
Received Import Request.
  path: Assets/Scripts/Battle System/BattleSystem.cs
  artifactKey: Guid(9156cb484fbd10041ad63fc833180d28) Importer(815301076,1909f56bfc062723c751e8b465ee728b)
Start importing Assets/Scripts/Battle System/BattleSystem.cs using Guid(9156cb484fbd10041ad63fc833180d28) Importer(815301076,1909f56bfc062723c751e8b465ee728b)  -> (artifact id: 'fc294b41de6c9abea5e439f96550eb51') in 0.032625 seconds
  Import took 0.038532 seconds .

========================================================================
Received Prepare
Registering precompiled user dll's ...
Registered in 0.003111 seconds.
Begin MonoManager ReloadAssembly
Native extension for WindowsStandalone target not found
Native extension for WebGL target not found
Refreshing native plugins compatible for Editor in 2.76 ms, found 1 plugins.
Preloading 0 native plugins for Editor in 0.00 ms.
Mono: successfully reloaded assembly
- Completed reload, in  2.017 seconds
Platform modules already initialized, skipping
Switching build target platform(5) subTarget(0) extendedPlatform(0) -> platform(13) subTarget(537395200) extendedPlatform(0)
Refreshing native plugins compatible for Editor in 1.65 ms, found 1 plugins.
Preloading 0 native plugins for Editor in 0.00 ms.
Unloading 2310 Unused Serialized files (Serialized files now loaded: 0)
System memory in use before: 110.5 MB.
System memory in use after: 110.7 MB.

Unloading 11 unused Assets to reduce memory usage. Loaded Objects now: 2781.
Total: 7.148800 ms (FindLiveObjects: 0.341500 ms CreateObjectMapping: 0.268200 ms MarkObjects: 6.431700 ms  DeleteObjects: 0.105300 ms)

AssetImportParameters requested are different than current active one (requested -> active):
  custom:graphics/normal-map-encoding: 01000000000000000000000000000000 -> 02000000000000000000000000000000
========================================================================
Received Prepare
Registering precompiled user dll's ...
Registered in 0.007960 seconds.
Begin MonoManager ReloadAssembly
Native extension for WindowsStandalone target not found
Native extension for WebGL target not found
Refreshing native plugins compatible for Editor in 3.18 ms, found 1 plugins.
Preloading 0 native plugins for Editor in 0.00 ms.
Mono: successfully reloaded assembly
- Completed reload, in  1.420 seconds
Platform modules already initialized, skipping
Switching build target platform(5) subTarget(0) extendedPlatform(0) -> platform(13) subTarget(537395200) extendedPlatform(0)
Refreshing native plugins compatible for Editor in 2.14 ms, found 1 plugins.
Preloading 0 native plugins for Editor in 0.00 ms.
Unloading 2310 Unused Serialized files (Serialized files now loaded: 0)
System memory in use before: 111.9 MB.
System memory in use after: 112.1 MB.

Unloading 11 unused Assets to reduce memory usage. Loaded Objects now: 2785.
Total: 4.935500 ms (FindLiveObjects: 1.441100 ms CreateObjectMapping: 0.320800 ms MarkObjects: 3.073500 ms  DeleteObjects: 0.097900 ms)

AssetImportParameters requested are different than current active one (requested -> active):
  custom:graphics/normal-map-encoding: 01000000000000000000000000000000 -> 02000000000000000000000000000000
========================================================================
Received Import Request.
  Time since last request: 1919.703935 seconds.
  path: Assets/Prefabs/Character/Skill/Protagonist/Fire/Fire Sword.asset
  artifactKey: Guid(1587b4f6e28d3e241a2699e6cef4fcd5) Importer(815301076,1909f56bfc062723c751e8b465ee728b)
Start importing Assets/Prefabs/Character/Skill/Protagonist/Fire/Fire Sword.asset using Guid(1587b4f6e28d3e241a2699e6cef4fcd5) Importer(815301076,1909f56bfc062723c751e8b465ee728b)  -> (artifact id: '5b8325df1fdbdc7b2fc9587a314f5764') in 0.076110 seconds
  Import took 0.083913 seconds .

========================================================================
Received Prepare
Registering precompiled user dll's ...
Registered in 0.003721 seconds.
Begin MonoManager ReloadAssembly
Native extension for WindowsStandalone target not found
Native extension for WebGL target not found
Refreshing native plugins compatible for Editor in 3.66 ms, found 1 plugins.
Preloading 0 native plugins for Editor in 0.00 ms.
Mono: successfully reloaded assembly
- Completed reload, in  5.039 seconds
Platform modules already initialized, skipping
Switching build target platform(5) subTarget(0) extendedPlatform(0) -> platform(13) subTarget(537395200) extendedPlatform(0)
Refreshing native plugins compatible for Editor in 7.27 ms, found 1 plugins.
Preloading 0 native plugins for Editor in 0.00 ms.
Unloading 2310 Unused Serialized files (Serialized files now loaded: 0)
System memory in use before: 110.6 MB.
System memory in use after: 110.7 MB.

Unloading 11 unused Assets to reduce memory usage. Loaded Objects now: 2789.
Total: 14.650500 ms (FindLiveObjects: 3.727100 ms CreateObjectMapping: 0.277800 ms MarkObjects: 6.371100 ms  DeleteObjects: 4.272500 ms)

AssetImportParameters requested are different than current active one (requested -> active):
  custom:graphics/normal-map-encoding: 01000000000000000000000000000000 -> 02000000000000000000000000000000
========================================================================
Received Prepare
Registering precompiled user dll's ...
Registered in 0.002788 seconds.
Begin MonoManager ReloadAssembly
Native extension for WindowsStandalone target not found
Native extension for WebGL target not found
Refreshing native plugins compatible for Editor in 3.96 ms, found 1 plugins.
Preloading 0 native plugins for Editor in 0.00 ms.
Mono: successfully reloaded assembly
- Completed reload, in  2.232 seconds
Platform modules already initialized, skipping
Switching build target platform(5) subTarget(0) extendedPlatform(0) -> platform(13) subTarget(537395200) extendedPlatform(0)
Refreshing native plugins compatible for Editor in 2.01 ms, found 1 plugins.
Preloading 0 native plugins for Editor in 0.00 ms.
Unloading 2310 Unused Serialized files (Serialized files now loaded: 0)
System memory in use before: 112.0 MB.
System memory in use after: 112.1 MB.

Unloading 11 unused Assets to reduce memory usage. Loaded Objects now: 2793.
Total: 3.141800 ms (FindLiveObjects: 0.449000 ms CreateObjectMapping: 0.216200 ms MarkObjects: 2.386500 ms  DeleteObjects: 0.089200 ms)

AssetImportParameters requested are different than current active one (requested -> active):
  custom:graphics/normal-map-encoding: 01000000000000000000000000000000 -> 02000000000000000000000000000000
========================================================================
Received Import Request.
  Time since last request: 671.686396 seconds.
  path: Assets/Prefabs/Character/Skill/Protagonist/Thunder/Thunder En1.asset
  artifactKey: Guid(e9605535f20f5234ca38f1035c7248cf) Importer(815301076,1909f56bfc062723c751e8b465ee728b)
Start importing Assets/Prefabs/Character/Skill/Protagonist/Thunder/Thunder En1.asset using Guid(e9605535f20f5234ca38f1035c7248cf) Importer(815301076,1909f56bfc062723c751e8b465ee728b)  -> (artifact id: '163583b484e086783bb1756a802fbcc6') in 0.076381 seconds
  Import took 0.095539 seconds .

========================================================================
Received Import Request.
  Time since last request: 31.164300 seconds.
  path: Assets/Prefabs/Character/Skill/Siren/Atk Buff/Atk Buff 1.asset
  artifactKey: Guid(b91b70534a7ce104d8d6fc867fd76722) Importer(815301076,1909f56bfc062723c751e8b465ee728b)
Start importing Assets/Prefabs/Character/Skill/Siren/Atk Buff/Atk Buff 1.asset using Guid(b91b70534a7ce104d8d6fc867fd76722) Importer(815301076,1909f56bfc062723c751e8b465ee728b)  -> (artifact id: '96c44639287bc50215f94a9e3ada214e') in 0.033606 seconds
  Import took 0.043873 seconds .

========================================================================
Received Import Request.
  Time since last request: 0.000205 seconds.
  path: Assets/Prefabs/Character/Skill/Siren/Atk Buff/Atk Buff 2.asset
  artifactKey: Guid(8ba6e0393f7841946bae3b362f0bfd4a) Importer(815301076,1909f56bfc062723c751e8b465ee728b)
Start importing Assets/Prefabs/Character/Skill/Siren/Atk Buff/Atk Buff 2.asset using Guid(8ba6e0393f7841946bae3b362f0bfd4a) Importer(815301076,1909f56bfc062723c751e8b465ee728b)  -> (artifact id: '1afecd3d9abebe3391aef010ad07f8fb') in 0.048130 seconds
  Import took 0.056273 seconds .

========================================================================
Received Import Request.
  Time since last request: 0.000266 seconds.
  path: Assets/Prefabs/Character/Skill/Siren/Atk Buff/Atk Buff.asset
  artifactKey: Guid(bec6d49a17d75004a9cee7febb58b092) Importer(815301076,1909f56bfc062723c751e8b465ee728b)
Start importing Assets/Prefabs/Character/Skill/Siren/Atk Buff/Atk Buff.asset using Guid(bec6d49a17d75004a9cee7febb58b092) Importer(815301076,1909f56bfc062723c751e8b465ee728b)  -> (artifact id: 'f49d5abf764cc7a1b3198736e1be637d') in 0.038722 seconds
  Import took 0.047613 seconds .

========================================================================
Received Import Request.
  Time since last request: 0.000430 seconds.
  path: Assets/Prefabs/Character/Skill/Siren/Atk Buff/Atk Buff 3.asset
  artifactKey: Guid(50d0f0633cd1a7540bd27204fa9382da) Importer(815301076,1909f56bfc062723c751e8b465ee728b)
Start importing Assets/Prefabs/Character/Skill/Siren/Atk Buff/Atk Buff 3.asset using Guid(50d0f0633cd1a7540bd27204fa9382da) Importer(815301076,1909f56bfc062723c751e8b465ee728b)  -> (artifact id: '6e693429795087b7c8e8e03c554feea8') in 0.055894 seconds
  Import took 0.070783 seconds .

========================================================================
Received Import Request.
  Time since last request: 0.000270 seconds.
  path: Assets/Prefabs/Character/Skill/Siren/Atk Buff/Atk Buff 4.asset
  artifactKey: Guid(88600d49c9e4b5d449dbf53cfb69ac3d) Importer(815301076,1909f56bfc062723c751e8b465ee728b)
Start importing Assets/Prefabs/Character/Skill/Siren/Atk Buff/Atk Buff 4.asset using Guid(88600d49c9e4b5d449dbf53cfb69ac3d) Importer(815301076,1909f56bfc062723c751e8b465ee728b)  -> (artifact id: '5100d3f79c854be62119dceb08fea20f') in 0.048459 seconds
  Import took 0.067223 seconds .

========================================================================
Received Import Request.
  Time since last request: 0.007701 seconds.
  path: Assets/Prefabs/Character/Skill/Siren/Atk Buff/Atk Buff 5.asset
  artifactKey: Guid(3757faa4e23f78c409c93b1b81192bbe) Importer(815301076,1909f56bfc062723c751e8b465ee728b)
Start importing Assets/Prefabs/Character/Skill/Siren/Atk Buff/Atk Buff 5.asset using Guid(3757faa4e23f78c409c93b1b81192bbe) Importer(815301076,1909f56bfc062723c751e8b465ee728b)  -> (artifact id: 'bbd3bea4d15f589da5bbf5c3f956dfe0') in 0.022795 seconds
  Import took 0.036350 seconds .

========================================================================
Received Import Request.
  Time since last request: 0.387984 seconds.
  path: Assets/Prefabs/Character/Skill/Siren/Water Gun/Water Gun En1.asset
  artifactKey: Guid(0980c9d12618a284aa9eaa25a7c5f61e) Importer(815301076,1909f56bfc062723c751e8b465ee728b)
Start importing Assets/Prefabs/Character/Skill/Siren/Water Gun/Water Gun En1.asset using Guid(0980c9d12618a284aa9eaa25a7c5f61e) Importer(815301076,1909f56bfc062723c751e8b465ee728b)  -> (artifact id: '038f1f89bc0ab452794416b99d3f7886') in 0.026659 seconds
  Import took 0.044286 seconds .

========================================================================
Received Import Request.
  Time since last request: 0.000174 seconds.
  path: Assets/Prefabs/Character/Skill/Siren/Water Gun/Water Gun En3.asset
  artifactKey: Guid(28bed5fea356db149bd9080ca89fbfb3) Importer(815301076,1909f56bfc062723c751e8b465ee728b)
Start importing Assets/Prefabs/Character/Skill/Siren/Water Gun/Water Gun En3.asset using Guid(28bed5fea356db149bd9080ca89fbfb3) Importer(815301076,1909f56bfc062723c751e8b465ee728b)  -> (artifact id: 'd2504f969d840e7f2371b1d08dcb0d56') in 0.045613 seconds
  Import took 0.051210 seconds .

========================================================================
Received Import Request.
  Time since last request: 0.000409 seconds.
  path: Assets/Prefabs/Character/Skill/Siren/Water Gun/Water Gun En4.asset
  artifactKey: Guid(e7065d984cb7eae43be04503aaf772d3) Importer(815301076,1909f56bfc062723c751e8b465ee728b)
Start importing Assets/Prefabs/Character/Skill/Siren/Water Gun/Water Gun En4.asset using Guid(e7065d984cb7eae43be04503aaf772d3) Importer(815301076,1909f56bfc062723c751e8b465ee728b)  -> (artifact id: '18f216e7242a3e748d5d3fc69ceec358') in 0.035028 seconds
  Import took 0.042109 seconds .

========================================================================
Received Import Request.
  Time since last request: 0.000188 seconds.
  path: Assets/Prefabs/Character/Skill/Siren/Water Gun/Water Gun En2.asset
  artifactKey: Guid(ffd801ef493fef5478f6144aa781a7ee) Importer(815301076,1909f56bfc062723c751e8b465ee728b)
Start importing Assets/Prefabs/Character/Skill/Siren/Water Gun/Water Gun En2.asset using Guid(ffd801ef493fef5478f6144aa781a7ee) Importer(815301076,1909f56bfc062723c751e8b465ee728b)  -> (artifact id: 'c37b0f38620f38ae857ceba39ab8f1d5') in 0.051685 seconds
  Import took 0.061604 seconds .

========================================================================
Received Import Request.
  Time since last request: 0.000387 seconds.
  path: Assets/Prefabs/Character/Skill/Siren/Water Gun/Water Gun.asset
  artifactKey: Guid(0817817429e359640a2184b82f64ad1a) Importer(815301076,1909f56bfc062723c751e8b465ee728b)
Start importing Assets/Prefabs/Character/Skill/Siren/Water Gun/Water Gun.asset using Guid(0817817429e359640a2184b82f64ad1a) Importer(815301076,1909f56bfc062723c751e8b465ee728b)  -> (artifact id: '31187670dddee49aa353a783f67acb82') in 0.048077 seconds
  Import took 0.064711 seconds .

========================================================================
Received Import Request.
  Time since last request: 0.000186 seconds.
  path: Assets/Prefabs/Character/Skill/Siren/Water Gun/Water Gun En5.asset
  artifactKey: Guid(606f62d7ab897ee4cb62126c6f11c707) Importer(815301076,1909f56bfc062723c751e8b465ee728b)
Start importing Assets/Prefabs/Character/Skill/Siren/Water Gun/Water Gun En5.asset using Guid(606f62d7ab897ee4cb62126c6f11c707) Importer(815301076,1909f56bfc062723c751e8b465ee728b)  -> (artifact id: '907d749ac48896289b6e235c91c2f23a') in 0.055442 seconds
  Import took 0.061055 seconds .

AssetImportWorkerClient::OnTransportError - code=2 error=End of file
