Using pre-set license
Built from '2020.3/staging' branch; Version is '2020.3.4f1 (0abb6314276a) revision 703331'; Using compiler version '192528614'; Build Type 'Release'
OS: 'Windows 10 Home; OS build 19042.1348; Version 2009; 64bit' Language: 'en' Physical Memory: 16332 MB
BatchMode: 1, IsHumanControllingUs: 0, StartBugReporterOnCrash: 0, Is64bit: 1, IsPro: 0

 COMMAND LINE ARGUMENTS:
C:\Program Files\Unity\Hub\Editor\2020.3.4f1\Editor\Unity.exe
-adb2
-batchMode
-noUpm
-name
AssetImportWorker0
-projectPath
C:/Users/yohun/OneDrive/Documents/GitHub/Turnbase-Game
-logFile
Logs/AssetImportWorker0.log
-srvPort
54297
Successfully changed project path to: C:/Users/yohun/OneDrive/Documents/GitHub/Turnbase-Game
C:/Users/yohun/OneDrive/Documents/GitHub/Turnbase-Game
Using Asset Import Pipeline V2.
Refreshing native plugins compatible for Editor in 203.87 ms, found 1 plugins.
Preloading 0 native plugins for Editor in 0.00 ms.
Initialize engine version: 2020.3.4f1 (0abb6314276a)
[Subsystems] Discovering subsystems at path C:/Program Files/Unity/Hub/Editor/2020.3.4f1/Editor/Data/Resources/UnitySubsystems
[Subsystems] Discovering subsystems at path C:/Users/yohun/OneDrive/Documents/GitHub/Turnbase-Game/Assets
GfxDevice: creating device client; threaded=0
Direct3D:
    Version:  Direct3D 11.0 [level 11.1]
    Renderer: NVIDIA GeForce GTX 970 (ID=0x13c2)
    Vendor:   
    VRAM:     4043 MB
    Driver:   27.21.14.6647
Initialize mono
Mono path[0] = 'C:/Program Files/Unity/Hub/Editor/2020.3.4f1/Editor/Data/Managed'
Mono path[1] = 'C:/Program Files/Unity/Hub/Editor/2020.3.4f1/Editor/Data/MonoBleedingEdge/lib/mono/unityjit'
Mono config path = 'C:/Program Files/Unity/Hub/Editor/2020.3.4f1/Editor/Data/MonoBleedingEdge/etc'
Using monoOptions --debugger-agent=transport=dt_socket,embedding=1,server=y,suspend=n,address=127.0.0.1:56988
Begin MonoManager ReloadAssembly
Registering precompiled unity dll's ...
Register platform support module: C:/Program Files/Unity/Hub/Editor/2020.3.4f1/Editor/Data/PlaybackEngines/WebGLSupport/UnityEditor.WebGL.Extensions.dll
Register platform support module: C:/Program Files/Unity/Hub/Editor/2020.3.4f1/Editor/Data/PlaybackEngines/WindowsStandaloneSupport/UnityEditor.WindowsStandalone.Extensions.dll
Registered in 0.003255 seconds.
Native extension for WindowsStandalone target not found
Native extension for WebGL target not found
Refreshing native plugins compatible for Editor in 184.73 ms, found 1 plugins.
Preloading 0 native plugins for Editor in 0.00 ms.
Mono: successfully reloaded assembly
- Completed reload, in  3.610 seconds
Platform modules already initialized, skipping
Registering precompiled user dll's ...
Registered in 0.003216 seconds.
Begin MonoManager ReloadAssembly
Native extension for WindowsStandalone target not found
Native extension for WebGL target not found
Refreshing native plugins compatible for Editor in 173.54 ms, found 1 plugins.
Preloading 0 native plugins for Editor in 0.00 ms.
Mono: successfully reloaded assembly
- Completed reload, in  1.601 seconds
Platform modules already initialized, skipping
========================================================================
Worker process is ready to serve import requests
Launched and connected shader compiler UnityShaderCompiler.exe after 0.20 seconds
Refreshing native plugins compatible for Editor in 1.59 ms, found 1 plugins.
Preloading 0 native plugins for Editor in 0.00 ms.
Unloading 2329 Unused Serialized files (Serialized files now loaded: 0)
System memory in use before: 112.1 MB.
System memory in use after: 112.2 MB.

Unloading 24 unused Assets to reduce memory usage. Loaded Objects now: 2777.
Total: 3.516600 ms (FindLiveObjects: 0.237700 ms CreateObjectMapping: 0.118900 ms MarkObjects: 3.023500 ms  DeleteObjects: 0.134800 ms)

========================================================================
Received Import Request.
  path: Assets/Prefabs/Supply/Crystal.asset
  artifactKey: Guid(e9657b52cc590384dbeb4de727bb46fd) Importer(815301076,1909f56bfc062723c751e8b465ee728b)
Start importing Assets/Prefabs/Supply/Crystal.asset using Guid(e9657b52cc590384dbeb4de727bb46fd) Importer(815301076,1909f56bfc062723c751e8b465ee728b)  -> (artifact id: '845db0305ad36c386e4dc7bc59605dbb') in 0.053265 seconds
  Import took 0.059649 seconds .

========================================================================
Received Import Request.
  Time since last request: 0.000227 seconds.
  path: Assets/Prefabs/Supply/EXP.asset
  artifactKey: Guid(424f9e0184f59be4eb5de67587be540f) Importer(815301076,1909f56bfc062723c751e8b465ee728b)
Start importing Assets/Prefabs/Supply/EXP.asset using Guid(424f9e0184f59be4eb5de67587be540f) Importer(815301076,1909f56bfc062723c751e8b465ee728b)  -> (artifact id: 'b1818db4654aad321f904552fa37f210') in 0.009763 seconds
  Import took 0.015283 seconds .

========================================================================
Received Import Request.
  Time since last request: 0.000241 seconds.
  path: Assets/Prefabs/Supply/Gold.asset
  artifactKey: Guid(54b4d55116f41d3488238460dda908ff) Importer(815301076,1909f56bfc062723c751e8b465ee728b)
Start importing Assets/Prefabs/Supply/Gold.asset using Guid(54b4d55116f41d3488238460dda908ff) Importer(815301076,1909f56bfc062723c751e8b465ee728b)  -> (artifact id: '30c3a6d4a549372272589565d5fdade8') in 0.010830 seconds
  Import took 0.016792 seconds .

========================================================================
Received Import Request.
  Time since last request: 0.008421 seconds.
  path: Assets/Prefabs/Supply/Gold.asset
  artifactKey: Guid(54b4d55116f41d3488238460dda908ff) Importer(815301076,1909f56bfc062723c751e8b465ee728b)
Start importing Assets/Prefabs/Supply/Gold.asset using Guid(54b4d55116f41d3488238460dda908ff) Importer(815301076,1909f56bfc062723c751e8b465ee728b)  -> (artifact id: '30c3a6d4a549372272589565d5fdade8') in 0.005267 seconds
  Import took 0.010814 seconds .

========================================================================
Received Prepare
Refreshing native plugins compatible for Editor in 3.36 ms, found 1 plugins.
Preloading 0 native plugins for Editor in 0.00 ms.
Unloading 8 Unused Serialized files (Serialized files now loaded: 0)
System memory in use before: 66.1 MB.
System memory in use after: 66.3 MB.

Unloading 8 unused Assets to reduce memory usage. Loaded Objects now: 2777.
Total: 3.179500 ms (FindLiveObjects: 0.221300 ms CreateObjectMapping: 0.152800 ms MarkObjects: 2.714800 ms  DeleteObjects: 0.088700 ms)

========================================================================
Received Import Request.
  Time since last request: 6.191583 seconds.
  path: Assets/Prefabs/Supply/Gold.asset
  artifactKey: Guid(54b4d55116f41d3488238460dda908ff) Importer(815301076,1909f56bfc062723c751e8b465ee728b)
Start importing Assets/Prefabs/Supply/Gold.asset using Guid(54b4d55116f41d3488238460dda908ff) Importer(815301076,1909f56bfc062723c751e8b465ee728b)  -> (artifact id: '7c8cd0168ecb53e8e8d3ed88b2a77ccd') in 0.028674 seconds
  Import took 0.035735 seconds .

========================================================================
Received Import Request.
  Time since last request: 0.000069 seconds.
  path: Assets/Prefabs/Supply/EXP.asset
  artifactKey: Guid(424f9e0184f59be4eb5de67587be540f) Importer(815301076,1909f56bfc062723c751e8b465ee728b)
Start importing Assets/Prefabs/Supply/EXP.asset using Guid(424f9e0184f59be4eb5de67587be540f) Importer(815301076,1909f56bfc062723c751e8b465ee728b)  -> (artifact id: 'a30106d30a0d1cea8eec6e1bfde6573a') in 0.013613 seconds
  Import took 0.019776 seconds .

========================================================================
Received Prepare
Refreshing native plugins compatible for Editor in 3.46 ms, found 1 plugins.
Preloading 0 native plugins for Editor in 0.00 ms.
Unloading 8 Unused Serialized files (Serialized files now loaded: 0)
System memory in use before: 66.1 MB.
System memory in use after: 66.3 MB.

Unloading 8 unused Assets to reduce memory usage. Loaded Objects now: 2777.
Total: 3.464100 ms (FindLiveObjects: 0.301100 ms CreateObjectMapping: 0.250500 ms MarkObjects: 2.821000 ms  DeleteObjects: 0.090000 ms)

========================================================================
Received Prepare
Registering precompiled user dll's ...
Registered in 0.002410 seconds.
Begin MonoManager ReloadAssembly
Native extension for WindowsStandalone target not found
Native extension for WebGL target not found
Refreshing native plugins compatible for Editor in 1.78 ms, found 1 plugins.
Preloading 0 native plugins for Editor in 0.00 ms.
Mono: successfully reloaded assembly
- Completed reload, in  1.494 seconds
Platform modules already initialized, skipping
Switching build target platform(5) subTarget(0) extendedPlatform(0) -> platform(13) subTarget(537395200) extendedPlatform(0)
Refreshing native plugins compatible for Editor in 1.55 ms, found 1 plugins.
Preloading 0 native plugins for Editor in 0.00 ms.
Unloading 2310 Unused Serialized files (Serialized files now loaded: 0)
System memory in use before: 112.1 MB.
System memory in use after: 112.2 MB.

Unloading 11 unused Assets to reduce memory usage. Loaded Objects now: 2781.
Total: 2.569300 ms (FindLiveObjects: 0.219100 ms CreateObjectMapping: 0.109600 ms MarkObjects: 2.088300 ms  DeleteObjects: 0.150900 ms)

AssetImportParameters requested are different than current active one (requested -> active):
  custom:graphics/normal-map-encoding: 01000000000000000000000000000000 -> 02000000000000000000000000000000
========================================================================
Received Prepare
Registering precompiled user dll's ...
Registered in 0.002442 seconds.
Begin MonoManager ReloadAssembly
Native extension for WindowsStandalone target not found
Native extension for WebGL target not found
Refreshing native plugins compatible for Editor in 1.62 ms, found 1 plugins.
Preloading 0 native plugins for Editor in 0.00 ms.
Mono: successfully reloaded assembly
- Completed reload, in  1.244 seconds
Platform modules already initialized, skipping
Switching build target platform(5) subTarget(0) extendedPlatform(0) -> platform(13) subTarget(537395200) extendedPlatform(0)
Refreshing native plugins compatible for Editor in 1.92 ms, found 1 plugins.
Preloading 0 native plugins for Editor in 0.00 ms.
Unloading 2310 Unused Serialized files (Serialized files now loaded: 0)
System memory in use before: 110.8 MB.
System memory in use after: 110.9 MB.

Unloading 11 unused Assets to reduce memory usage. Loaded Objects now: 2785.
Total: 3.229300 ms (FindLiveObjects: 0.324500 ms CreateObjectMapping: 0.157800 ms MarkObjects: 2.653800 ms  DeleteObjects: 0.091200 ms)

AssetImportParameters requested are different than current active one (requested -> active):
  custom:graphics/normal-map-encoding: 01000000000000000000000000000000 -> 02000000000000000000000000000000
========================================================================
Received Prepare
Registering precompiled user dll's ...
Registered in 0.002507 seconds.
Begin MonoManager ReloadAssembly
Native extension for WindowsStandalone target not found
Native extension for WebGL target not found
Refreshing native plugins compatible for Editor in 1.77 ms, found 1 plugins.
Preloading 0 native plugins for Editor in 0.00 ms.
Mono: successfully reloaded assembly
- Completed reload, in  1.879 seconds
Platform modules already initialized, skipping
Switching build target platform(5) subTarget(0) extendedPlatform(0) -> platform(13) subTarget(537395200) extendedPlatform(0)
Refreshing native plugins compatible for Editor in 1.73 ms, found 1 plugins.
Preloading 0 native plugins for Editor in 0.00 ms.
Unloading 2310 Unused Serialized files (Serialized files now loaded: 0)
System memory in use before: 112.1 MB.
System memory in use after: 112.3 MB.

Unloading 11 unused Assets to reduce memory usage. Loaded Objects now: 2789.
Total: 2.928000 ms (FindLiveObjects: 0.288600 ms CreateObjectMapping: 0.107600 ms MarkObjects: 2.419600 ms  DeleteObjects: 0.111100 ms)

AssetImportParameters requested are different than current active one (requested -> active):
  custom:graphics/normal-map-encoding: 01000000000000000000000000000000 -> 02000000000000000000000000000000
========================================================================
Received Prepare
Refreshing native plugins compatible for Editor in 4.33 ms, found 1 plugins.
Preloading 0 native plugins for Editor in 0.00 ms.
Unloading 8 Unused Serialized files (Serialized files now loaded: 0)
System memory in use before: 66.7 MB.
System memory in use after: 66.8 MB.

Unloading 8 unused Assets to reduce memory usage. Loaded Objects now: 2789.
Total: 3.178100 ms (FindLiveObjects: 0.233300 ms CreateObjectMapping: 0.107300 ms MarkObjects: 2.742200 ms  DeleteObjects: 0.093600 ms)

========================================================================
Received Prepare
Registering precompiled user dll's ...
Registered in 0.002942 seconds.
Begin MonoManager ReloadAssembly
Native extension for WindowsStandalone target not found
Native extension for WebGL target not found
Refreshing native plugins compatible for Editor in 1.88 ms, found 1 plugins.
Preloading 0 native plugins for Editor in 0.00 ms.
Mono: successfully reloaded assembly
- Completed reload, in  1.780 seconds
Platform modules already initialized, skipping
Switching build target platform(5) subTarget(0) extendedPlatform(0) -> platform(13) subTarget(537395200) extendedPlatform(0)
Refreshing native plugins compatible for Editor in 3.81 ms, found 1 plugins.
Preloading 0 native plugins for Editor in 0.00 ms.
Unloading 2310 Unused Serialized files (Serialized files now loaded: 0)
System memory in use before: 112.2 MB.
System memory in use after: 112.3 MB.

Unloading 11 unused Assets to reduce memory usage. Loaded Objects now: 2793.
Total: 4.126200 ms (FindLiveObjects: 0.335200 ms CreateObjectMapping: 0.154200 ms MarkObjects: 3.529300 ms  DeleteObjects: 0.105900 ms)

AssetImportParameters requested are different than current active one (requested -> active):
  custom:graphics/normal-map-encoding: 01000000000000000000000000000000 -> 02000000000000000000000000000000
========================================================================
Received Import Request.
  Time since last request: 2791.349640 seconds.
  path: Assets/Sprites/superpowers-asset-packs-master/prehistoric-platformer/fx/effects/1-preview.gif
  artifactKey: Guid(1acbe4b18141a8d4889a8c4d8b1a5c37) Importer(815301076,1909f56bfc062723c751e8b465ee728b)
Start importing Assets/Sprites/superpowers-asset-packs-master/prehistoric-platformer/fx/effects/1-preview.gif using Guid(1acbe4b18141a8d4889a8c4d8b1a5c37) Importer(815301076,1909f56bfc062723c751e8b465ee728b)  -> (artifact id: '3c081f03ad63d48e6f7590344bac3cff') in 0.146051 seconds
  Import took 0.155780 seconds .

========================================================================
Received Import Request.
  Time since last request: 0.000209 seconds.
  path: Assets/Sprites/superpowers-asset-packs-master/prehistoric-platformer/fx/effects/3-preview.gif
  artifactKey: Guid(7564cad65e95aa148b1729ca88712bb9) Importer(815301076,1909f56bfc062723c751e8b465ee728b)
Start importing Assets/Sprites/superpowers-asset-packs-master/prehistoric-platformer/fx/effects/3-preview.gif using Guid(7564cad65e95aa148b1729ca88712bb9) Importer(815301076,1909f56bfc062723c751e8b465ee728b)  -> (artifact id: '7317d0e3cd6d657fc0aa384aef38999e') in 0.017603 seconds
  Import took 0.023002 seconds .

========================================================================
Received Import Request.
  Time since last request: 0.000180 seconds.
  path: Assets/Sprites/superpowers-asset-packs-master/prehistoric-platformer/fx/effects/2-preview.gif
  artifactKey: Guid(fe247169dd15867459bb340bc54798e2) Importer(815301076,1909f56bfc062723c751e8b465ee728b)
Start importing Assets/Sprites/superpowers-asset-packs-master/prehistoric-platformer/fx/effects/2-preview.gif using Guid(fe247169dd15867459bb340bc54798e2) Importer(815301076,1909f56bfc062723c751e8b465ee728b)  -> (artifact id: 'b3fd2d293028e790ea697bcf78e6b336') in 0.018483 seconds
  Import took 0.024022 seconds .

========================================================================
Received Import Request.
  Time since last request: 6.119583 seconds.
  path: Assets/Scripts/UI/BattleReward.cs
  artifactKey: Guid(88afe79e3bebba1429b11eceb831b919) Importer(815301076,1909f56bfc062723c751e8b465ee728b)
Start importing Assets/Scripts/UI/BattleReward.cs using Guid(88afe79e3bebba1429b11eceb831b919) Importer(815301076,1909f56bfc062723c751e8b465ee728b)  -> (artifact id: '8d53b831e01d7a32ea04533d9986353d') in 0.016561 seconds
  Import took 0.022612 seconds .

========================================================================
Received Prepare
Registering precompiled user dll's ...
Registered in 0.002395 seconds.
Begin MonoManager ReloadAssembly
Native extension for WindowsStandalone target not found
Native extension for WebGL target not found
Refreshing native plugins compatible for Editor in 1.96 ms, found 1 plugins.
Preloading 0 native plugins for Editor in 0.00 ms.
Mono: successfully reloaded assembly
- Completed reload, in  1.412 seconds
Platform modules already initialized, skipping
Switching build target platform(5) subTarget(0) extendedPlatform(0) -> platform(13) subTarget(537395200) extendedPlatform(0)
Refreshing native plugins compatible for Editor in 1.63 ms, found 1 plugins.
Preloading 0 native plugins for Editor in 0.00 ms.
Unloading 2310 Unused Serialized files (Serialized files now loaded: 0)
System memory in use before: 115.0 MB.
System memory in use after: 115.2 MB.

Unloading 11 unused Assets to reduce memory usage. Loaded Objects now: 2803.
Total: 3.255800 ms (FindLiveObjects: 0.400300 ms CreateObjectMapping: 0.291000 ms MarkObjects: 2.445800 ms  DeleteObjects: 0.117400 ms)

AssetImportParameters requested are different than current active one (requested -> active):
  custom:graphics/normal-map-encoding: 01000000000000000000000000000000 -> 02000000000000000000000000000000
========================================================================
Received Prepare
Registering precompiled user dll's ...
Registered in 0.002332 seconds.
Begin MonoManager ReloadAssembly
Native extension for WindowsStandalone target not found
Native extension for WebGL target not found
Refreshing native plugins compatible for Editor in 1.63 ms, found 1 plugins.
Preloading 0 native plugins for Editor in 0.00 ms.
Mono: successfully reloaded assembly
- Completed reload, in  1.253 seconds
Platform modules already initialized, skipping
Switching build target platform(5) subTarget(0) extendedPlatform(0) -> platform(13) subTarget(537395200) extendedPlatform(0)
Refreshing native plugins compatible for Editor in 1.69 ms, found 1 plugins.
Preloading 0 native plugins for Editor in 0.00 ms.
Unloading 2310 Unused Serialized files (Serialized files now loaded: 0)
System memory in use before: 115.1 MB.
System memory in use after: 115.3 MB.

Unloading 11 unused Assets to reduce memory usage. Loaded Objects now: 2807.
Total: 3.032900 ms (FindLiveObjects: 0.215900 ms CreateObjectMapping: 0.096900 ms MarkObjects: 2.624100 ms  DeleteObjects: 0.095000 ms)

AssetImportParameters requested are different than current active one (requested -> active):
  custom:graphics/normal-map-encoding: 01000000000000000000000000000000 -> 02000000000000000000000000000000
========================================================================
Received Prepare
Refreshing native plugins compatible for Editor in 4.03 ms, found 1 plugins.
Preloading 0 native plugins for Editor in 0.00 ms.
Unloading 8 Unused Serialized files (Serialized files now loaded: 0)
System memory in use before: 69.7 MB.
System memory in use after: 69.8 MB.

Unloading 8 unused Assets to reduce memory usage. Loaded Objects now: 2807.
Total: 3.486500 ms (FindLiveObjects: 0.219300 ms CreateObjectMapping: 0.102100 ms MarkObjects: 3.067100 ms  DeleteObjects: 0.095700 ms)

========================================================================
Received Prepare
Registering precompiled user dll's ...
Registered in 0.003835 seconds.
Begin MonoManager ReloadAssembly
Native extension for WindowsStandalone target not found
Native extension for WebGL target not found
Refreshing native plugins compatible for Editor in 1.93 ms, found 1 plugins.
Preloading 0 native plugins for Editor in 0.00 ms.
Mono: successfully reloaded assembly
- Completed reload, in  1.597 seconds
Platform modules already initialized, skipping
Switching build target platform(5) subTarget(0) extendedPlatform(0) -> platform(13) subTarget(537395200) extendedPlatform(0)
Refreshing native plugins compatible for Editor in 1.98 ms, found 1 plugins.
Preloading 0 native plugins for Editor in 0.00 ms.
Unloading 2310 Unused Serialized files (Serialized files now loaded: 0)
System memory in use before: 115.1 MB.
System memory in use after: 115.3 MB.

Unloading 11 unused Assets to reduce memory usage. Loaded Objects now: 2811.
Total: 5.519800 ms (FindLiveObjects: 1.684900 ms CreateObjectMapping: 0.219900 ms MarkObjects: 3.522000 ms  DeleteObjects: 0.091500 ms)

AssetImportParameters requested are different than current active one (requested -> active):
  custom:graphics/normal-map-encoding: 01000000000000000000000000000000 -> 02000000000000000000000000000000
========================================================================
Received Prepare
Registering precompiled user dll's ...
Registered in 0.002361 seconds.
Begin MonoManager ReloadAssembly
Native extension for WindowsStandalone target not found
Native extension for WebGL target not found
Refreshing native plugins compatible for Editor in 1.83 ms, found 1 plugins.
Preloading 0 native plugins for Editor in 0.00 ms.
Mono: successfully reloaded assembly
- Completed reload, in  1.320 seconds
Platform modules already initialized, skipping
Switching build target platform(5) subTarget(0) extendedPlatform(0) -> platform(13) subTarget(537395200) extendedPlatform(0)
Refreshing native plugins compatible for Editor in 1.76 ms, found 1 plugins.
Preloading 0 native plugins for Editor in 0.00 ms.
Unloading 2310 Unused Serialized files (Serialized files now loaded: 0)
System memory in use before: 115.2 MB.
System memory in use after: 115.3 MB.

Unloading 11 unused Assets to reduce memory usage. Loaded Objects now: 2815.
Total: 2.606000 ms (FindLiveObjects: 0.291900 ms CreateObjectMapping: 0.187700 ms MarkObjects: 2.001600 ms  DeleteObjects: 0.123700 ms)

AssetImportParameters requested are different than current active one (requested -> active):
  custom:graphics/normal-map-encoding: 01000000000000000000000000000000 -> 02000000000000000000000000000000
========================================================================
Received Import Request.
  Time since last request: 965.678576 seconds.
  path: Assets/Sprites/superpowers-asset-packs-master/western-fps-2d/item/weapons/1-in-game.png
  artifactKey: Guid(fa49c0d8fab80354cae032934ec22df5) Importer(815301076,1909f56bfc062723c751e8b465ee728b)
Start importing Assets/Sprites/superpowers-asset-packs-master/western-fps-2d/item/weapons/1-in-game.png using Guid(fa49c0d8fab80354cae032934ec22df5) Importer(815301076,1909f56bfc062723c751e8b465ee728b)  -> (artifact id: '3a5f90d48383783e01c5f21b7bf3b2aa') in 0.084531 seconds
  Import took 0.092071 seconds .

========================================================================
Received Import Request.
  Time since last request: 0.000265 seconds.
  path: Assets/Sprites/superpowers-asset-packs-master/western-fps-2d/item/weapons/3-in-game.png
  artifactKey: Guid(44f9e92c15c4dbf478049d37ec822257) Importer(815301076,1909f56bfc062723c751e8b465ee728b)
Start importing Assets/Sprites/superpowers-asset-packs-master/western-fps-2d/item/weapons/3-in-game.png using Guid(44f9e92c15c4dbf478049d37ec822257) Importer(815301076,1909f56bfc062723c751e8b465ee728b)  -> (artifact id: 'ad10a4c18e823486a33ee3233c26fbbf') in 0.023768 seconds
  Import took 0.029877 seconds .

========================================================================
Received Import Request.
  Time since last request: 0.000226 seconds.
  path: Assets/Sprites/superpowers-asset-packs-master/western-fps-2d/item/weapons/6-in-game.png
  artifactKey: Guid(47fb25da801be044f910d1ad9d2311cf) Importer(815301076,1909f56bfc062723c751e8b465ee728b)
Start importing Assets/Sprites/superpowers-asset-packs-master/western-fps-2d/item/weapons/6-in-game.png using Guid(47fb25da801be044f910d1ad9d2311cf) Importer(815301076,1909f56bfc062723c751e8b465ee728b)  -> (artifact id: '0509d3814741aa27934b6491197b9ae1') in 0.021333 seconds
  Import took 0.027387 seconds .

========================================================================
Received Import Request.
  Time since last request: 0.000195 seconds.
  path: Assets/Sprites/superpowers-asset-packs-master/western-fps-2d/item/weapons/2-in-game.png
  artifactKey: Guid(2448e9710f227fd438c4589b9529427b) Importer(815301076,1909f56bfc062723c751e8b465ee728b)
Start importing Assets/Sprites/superpowers-asset-packs-master/western-fps-2d/item/weapons/2-in-game.png using Guid(2448e9710f227fd438c4589b9529427b) Importer(815301076,1909f56bfc062723c751e8b465ee728b)  -> (artifact id: 'b8e2000a1d9144ce24a6ee8361efbb9a') in 0.030058 seconds
  Import took 0.036917 seconds .

========================================================================
Received Import Request.
  Time since last request: 0.000186 seconds.
  path: Assets/Sprites/superpowers-asset-packs-master/western-fps-2d/item/weapons/5-in-game.png
  artifactKey: Guid(7a1ef7f54bbe5d4488f918ca552dff85) Importer(815301076,1909f56bfc062723c751e8b465ee728b)
Start importing Assets/Sprites/superpowers-asset-packs-master/western-fps-2d/item/weapons/5-in-game.png using Guid(7a1ef7f54bbe5d4488f918ca552dff85) Importer(815301076,1909f56bfc062723c751e8b465ee728b)  -> (artifact id: '8332008c8923b0a2e54e0d9ebb572534') in 0.023188 seconds
  Import took 0.028886 seconds .

========================================================================
Received Import Request.
  Time since last request: 0.000177 seconds.
  path: Assets/Sprites/superpowers-asset-packs-master/western-fps-2d/item/weapons/8-in-game.png
  artifactKey: Guid(9ed5cd4620a2ecf4ab6760d07129e352) Importer(815301076,1909f56bfc062723c751e8b465ee728b)
Start importing Assets/Sprites/superpowers-asset-packs-master/western-fps-2d/item/weapons/8-in-game.png using Guid(9ed5cd4620a2ecf4ab6760d07129e352) Importer(815301076,1909f56bfc062723c751e8b465ee728b)  -> (artifact id: '63b6ce7e0e009f5dcbca870f43269bcc') in 0.035454 seconds
  Import took 0.040357 seconds .

========================================================================
Received Import Request.
  Time since last request: 0.000183 seconds.
  path: Assets/Sprites/superpowers-asset-packs-master/western-fps-2d/item/weapons/2-in-game.png
  artifactKey: Guid(2448e9710f227fd438c4589b9529427b) Importer(815301076,1909f56bfc062723c751e8b465ee728b)
Start importing Assets/Sprites/superpowers-asset-packs-master/western-fps-2d/item/weapons/2-in-game.png using Guid(2448e9710f227fd438c4589b9529427b) Importer(815301076,1909f56bfc062723c751e8b465ee728b)  -> (artifact id: 'b8e2000a1d9144ce24a6ee8361efbb9a') in 0.013148 seconds
  Import took 0.018356 seconds .

========================================================================
Received Import Request.
  Time since last request: 0.000168 seconds.
  path: Assets/Sprites/superpowers-asset-packs-master/western-fps-2d/item/weapons/7-in-game.png
  artifactKey: Guid(054f43b6dd3cb3741aeca66c0a528a5b) Importer(815301076,1909f56bfc062723c751e8b465ee728b)
Start importing Assets/Sprites/superpowers-asset-packs-master/western-fps-2d/item/weapons/7-in-game.png using Guid(054f43b6dd3cb3741aeca66c0a528a5b) Importer(815301076,1909f56bfc062723c751e8b465ee728b)  -> (artifact id: 'bc88b0a3c92bd8305538d9edc90bd4ad') in 0.023436 seconds
  Import took 0.028328 seconds .

========================================================================
Received Import Request.
  Time since last request: 0.000178 seconds.
  path: Assets/Sprites/superpowers-asset-packs-master/western-fps-2d/item/weapons/4-in-game.png
  artifactKey: Guid(bf06db2dab2d23049a49418f91cc39ee) Importer(815301076,1909f56bfc062723c751e8b465ee728b)
Start importing Assets/Sprites/superpowers-asset-packs-master/western-fps-2d/item/weapons/4-in-game.png using Guid(bf06db2dab2d23049a49418f91cc39ee) Importer(815301076,1909f56bfc062723c751e8b465ee728b)  -> (artifact id: '96734f8c74b39be05553b3379c492657') in 0.026703 seconds
  Import took 0.032415 seconds .

========================================================================
Received Import Request.
  Time since last request: 0.000170 seconds.
  path: Assets/Sprites/superpowers-asset-packs-master/western-fps-2d/item/weapons/9-in-game.png
  artifactKey: Guid(85d56306b0ae3a1489d23a28a2e83e53) Importer(815301076,1909f56bfc062723c751e8b465ee728b)
Start importing Assets/Sprites/superpowers-asset-packs-master/western-fps-2d/item/weapons/9-in-game.png using Guid(85d56306b0ae3a1489d23a28a2e83e53) Importer(815301076,1909f56bfc062723c751e8b465ee728b)  -> (artifact id: '39b8aee5afd6c613624a3e512c23da61') in 0.020522 seconds
  Import took 0.025398 seconds .

========================================================================
Received Import Request.
  Time since last request: 0.000155 seconds.
  path: Assets/Sprites/superpowers-asset-packs-master/ninja-adventure/sounds/game-over-2.ogg
  artifactKey: Guid(270c8a11047eeb84ea3a2832d833d257) Importer(815301076,1909f56bfc062723c751e8b465ee728b)
Start importing Assets/Sprites/superpowers-asset-packs-master/ninja-adventure/sounds/game-over-2.ogg using Guid(270c8a11047eeb84ea3a2832d833d257) Importer(815301076,1909f56bfc062723c751e8b465ee728b)  -> (artifact id: 'bad862e584cab2f69221be581c6fdc66') in 0.076939 seconds
  Import took 0.082633 seconds .

========================================================================
Received Import Request.
  Time since last request: 0.000171 seconds.
  path: Assets/Sprites/superpowers-asset-packs-master/western-fps-2d/item/weapons/4-in-game.png
  artifactKey: Guid(bf06db2dab2d23049a49418f91cc39ee) Importer(815301076,1909f56bfc062723c751e8b465ee728b)
Start importing Assets/Sprites/superpowers-asset-packs-master/western-fps-2d/item/weapons/4-in-game.png using Guid(bf06db2dab2d23049a49418f91cc39ee) Importer(815301076,1909f56bfc062723c751e8b465ee728b)  -> (artifact id: '96734f8c74b39be05553b3379c492657') in 0.017825 seconds
  Import took 0.022310 seconds .

========================================================================
Received Import Request.
  Time since last request: 0.000192 seconds.
  path: Assets/Sprites/superpowers-asset-packs-master/ninja-adventure/sounds/game-over.ogg
  artifactKey: Guid(dbc1c2815e3d6a043ba1547b4a8f4f17) Importer(815301076,1909f56bfc062723c751e8b465ee728b)
Start importing Assets/Sprites/superpowers-asset-packs-master/ninja-adventure/sounds/game-over.ogg using Guid(dbc1c2815e3d6a043ba1547b4a8f4f17) Importer(815301076,1909f56bfc062723c751e8b465ee728b)  -> (artifact id: '05feb2114ee0b0036275d8db0d39ee5c') in 0.027453 seconds
  Import took 0.032934 seconds .

========================================================================
Received Prepare
Refreshing native plugins compatible for Editor in 3.18 ms, found 1 plugins.
Preloading 0 native plugins for Editor in 0.00 ms.
Unloading 8 Unused Serialized files (Serialized files now loaded: 0)
System memory in use before: 70.0 MB.
System memory in use after: 70.2 MB.

Unloading 8 unused Assets to reduce memory usage. Loaded Objects now: 2840.
Total: 3.604500 ms (FindLiveObjects: 0.221400 ms CreateObjectMapping: 0.098600 ms MarkObjects: 3.196600 ms  DeleteObjects: 0.086700 ms)

========================================================================
Received Prepare
Registering precompiled user dll's ...
Registered in 0.002342 seconds.
Begin MonoManager ReloadAssembly
Native extension for WindowsStandalone target not found
Native extension for WebGL target not found
Refreshing native plugins compatible for Editor in 1.53 ms, found 1 plugins.
Preloading 0 native plugins for Editor in 0.00 ms.
Mono: successfully reloaded assembly
- Completed reload, in  1.331 seconds
Platform modules already initialized, skipping
Switching build target platform(5) subTarget(0) extendedPlatform(0) -> platform(13) subTarget(537395200) extendedPlatform(0)
Refreshing native plugins compatible for Editor in 1.76 ms, found 1 plugins.
Preloading 0 native plugins for Editor in 0.00 ms.
Unloading 2310 Unused Serialized files (Serialized files now loaded: 0)
System memory in use before: 113.9 MB.
System memory in use after: 114.0 MB.

Unloading 11 unused Assets to reduce memory usage. Loaded Objects now: 2844.
Total: 3.360900 ms (FindLiveObjects: 0.412900 ms CreateObjectMapping: 0.263800 ms MarkObjects: 2.588600 ms  DeleteObjects: 0.094000 ms)

AssetImportParameters requested are different than current active one (requested -> active):
  custom:graphics/normal-map-encoding: 01000000000000000000000000000000 -> 02000000000000000000000000000000
========================================================================
Received Prepare
Registering precompiled user dll's ...
Registered in 0.002575 seconds.
Begin MonoManager ReloadAssembly
Native extension for WindowsStandalone target not found
Native extension for WebGL target not found
Refreshing native plugins compatible for Editor in 1.57 ms, found 1 plugins.
Preloading 0 native plugins for Editor in 0.00 ms.
Mono: successfully reloaded assembly
- Completed reload, in  1.329 seconds
Platform modules already initialized, skipping
Switching build target platform(5) subTarget(0) extendedPlatform(0) -> platform(13) subTarget(537395200) extendedPlatform(0)
Refreshing native plugins compatible for Editor in 1.76 ms, found 1 plugins.
Preloading 0 native plugins for Editor in 0.00 ms.
Unloading 2310 Unused Serialized files (Serialized files now loaded: 0)
System memory in use before: 113.8 MB.
System memory in use after: 114.0 MB.

Unloading 11 unused Assets to reduce memory usage. Loaded Objects now: 2848.
Total: 3.411500 ms (FindLiveObjects: 0.230000 ms CreateObjectMapping: 0.100600 ms MarkObjects: 2.986000 ms  DeleteObjects: 0.093700 ms)

AssetImportParameters requested are different than current active one (requested -> active):
  custom:graphics/normal-map-encoding: 01000000000000000000000000000000 -> 02000000000000000000000000000000
========================================================================
Received Prepare
Registering precompiled user dll's ...
Registered in 0.002664 seconds.
Begin MonoManager ReloadAssembly
Native extension for WindowsStandalone target not found
Native extension for WebGL target not found
Refreshing native plugins compatible for Editor in 1.55 ms, found 1 plugins.
Preloading 0 native plugins for Editor in 0.00 ms.
Mono: successfully reloaded assembly
- Completed reload, in  1.580 seconds
Platform modules already initialized, skipping
Switching build target platform(5) subTarget(0) extendedPlatform(0) -> platform(13) subTarget(537395200) extendedPlatform(0)
Refreshing native plugins compatible for Editor in 4.40 ms, found 1 plugins.
Preloading 0 native plugins for Editor in 0.00 ms.
Unloading 2310 Unused Serialized files (Serialized files now loaded: 0)
System memory in use before: 115.3 MB.
System memory in use after: 115.4 MB.

Unloading 11 unused Assets to reduce memory usage. Loaded Objects now: 2852.
Total: 3.451100 ms (FindLiveObjects: 0.541800 ms CreateObjectMapping: 0.173700 ms MarkObjects: 2.642200 ms  DeleteObjects: 0.091900 ms)

AssetImportParameters requested are different than current active one (requested -> active):
  custom:graphics/normal-map-encoding: 01000000000000000000000000000000 -> 02000000000000000000000000000000
========================================================================
Received Prepare
Registering precompiled user dll's ...
Registered in 0.002628 seconds.
Begin MonoManager ReloadAssembly
Native extension for WindowsStandalone target not found
Native extension for WebGL target not found
Refreshing native plugins compatible for Editor in 2.33 ms, found 1 plugins.
Preloading 0 native plugins for Editor in 0.00 ms.
Mono: successfully reloaded assembly
- Completed reload, in  1.321 seconds
Platform modules already initialized, skipping
Switching build target platform(5) subTarget(0) extendedPlatform(0) -> platform(13) subTarget(537395200) extendedPlatform(0)
Refreshing native plugins compatible for Editor in 1.70 ms, found 1 plugins.
Preloading 0 native plugins for Editor in 0.00 ms.
Unloading 2310 Unused Serialized files (Serialized files now loaded: 0)
System memory in use before: 113.9 MB.
System memory in use after: 114.1 MB.

Unloading 11 unused Assets to reduce memory usage. Loaded Objects now: 2856.
Total: 2.321100 ms (FindLiveObjects: 0.236500 ms CreateObjectMapping: 0.101100 ms MarkObjects: 1.900700 ms  DeleteObjects: 0.081800 ms)

AssetImportParameters requested are different than current active one (requested -> active):
  custom:graphics/normal-map-encoding: 01000000000000000000000000000000 -> 02000000000000000000000000000000
========================================================================
Received Prepare
Registering precompiled user dll's ...
Registered in 0.002924 seconds.
Begin MonoManager ReloadAssembly
Native extension for WindowsStandalone target not found
Native extension for WebGL target not found
Refreshing native plugins compatible for Editor in 2.24 ms, found 1 plugins.
Preloading 0 native plugins for Editor in 0.00 ms.
Mono: successfully reloaded assembly
- Completed reload, in  1.510 seconds
Platform modules already initialized, skipping
Switching build target platform(5) subTarget(0) extendedPlatform(0) -> platform(13) subTarget(537395200) extendedPlatform(0)
Refreshing native plugins compatible for Editor in 1.62 ms, found 1 plugins.
Preloading 0 native plugins for Editor in 0.00 ms.
Unloading 2310 Unused Serialized files (Serialized files now loaded: 0)
System memory in use before: 115.3 MB.
System memory in use after: 115.4 MB.

Unloading 11 unused Assets to reduce memory usage. Loaded Objects now: 2860.
Total: 2.717300 ms (FindLiveObjects: 0.361600 ms CreateObjectMapping: 0.118100 ms MarkObjects: 2.154300 ms  DeleteObjects: 0.082500 ms)

AssetImportParameters requested are different than current active one (requested -> active):
  custom:graphics/normal-map-encoding: 01000000000000000000000000000000 -> 02000000000000000000000000000000
========================================================================
Received Prepare
Registering precompiled user dll's ...
Registered in 0.004046 seconds.
Begin MonoManager ReloadAssembly
Native extension for WindowsStandalone target not found
Native extension for WebGL target not found
Refreshing native plugins compatible for Editor in 2.30 ms, found 1 plugins.
Preloading 0 native plugins for Editor in 0.00 ms.
Mono: successfully reloaded assembly
- Completed reload, in  1.797 seconds
Platform modules already initialized, skipping
Switching build target platform(5) subTarget(0) extendedPlatform(0) -> platform(13) subTarget(537395200) extendedPlatform(0)
Refreshing native plugins compatible for Editor in 1.78 ms, found 1 plugins.
Preloading 0 native plugins for Editor in 0.00 ms.
Unloading 2310 Unused Serialized files (Serialized files now loaded: 0)
System memory in use before: 115.3 MB.
System memory in use after: 115.4 MB.

Unloading 11 unused Assets to reduce memory usage. Loaded Objects now: 2864.
Total: 3.224700 ms (FindLiveObjects: 0.237700 ms CreateObjectMapping: 0.104500 ms MarkObjects: 2.794600 ms  DeleteObjects: 0.086800 ms)

AssetImportParameters requested are different than current active one (requested -> active):
  custom:graphics/normal-map-encoding: 01000000000000000000000000000000 -> 02000000000000000000000000000000
========================================================================
Received Prepare
Registering precompiled user dll's ...
Registered in 0.002485 seconds.
Begin MonoManager ReloadAssembly
Native extension for WindowsStandalone target not found
Native extension for WebGL target not found
Refreshing native plugins compatible for Editor in 2.20 ms, found 1 plugins.
Preloading 0 native plugins for Editor in 0.00 ms.
Mono: successfully reloaded assembly
- Completed reload, in  1.351 seconds
Platform modules already initialized, skipping
Switching build target platform(5) subTarget(0) extendedPlatform(0) -> platform(13) subTarget(537395200) extendedPlatform(0)
Refreshing native plugins compatible for Editor in 1.85 ms, found 1 plugins.
Preloading 0 native plugins for Editor in 0.00 ms.
Unloading 2310 Unused Serialized files (Serialized files now loaded: 0)
System memory in use before: 115.3 MB.
System memory in use after: 115.4 MB.

Unloading 11 unused Assets to reduce memory usage. Loaded Objects now: 2868.
Total: 3.283600 ms (FindLiveObjects: 0.365000 ms CreateObjectMapping: 0.222000 ms MarkObjects: 2.561300 ms  DeleteObjects: 0.133900 ms)

AssetImportParameters requested are different than current active one (requested -> active):
  custom:graphics/normal-map-encoding: 01000000000000000000000000000000 -> 02000000000000000000000000000000
========================================================================
Received Prepare
Registering precompiled user dll's ...
Registered in 0.003454 seconds.
Begin MonoManager ReloadAssembly
Native extension for WindowsStandalone target not found
Native extension for WebGL target not found
Refreshing native plugins compatible for Editor in 1.67 ms, found 1 plugins.
Preloading 0 native plugins for Editor in 0.00 ms.
Mono: successfully reloaded assembly
- Completed reload, in  1.425 seconds
Platform modules already initialized, skipping
Switching build target platform(5) subTarget(0) extendedPlatform(0) -> platform(13) subTarget(537395200) extendedPlatform(0)
Refreshing native plugins compatible for Editor in 1.83 ms, found 1 plugins.
Preloading 0 native plugins for Editor in 0.00 ms.
Unloading 2310 Unused Serialized files (Serialized files now loaded: 0)
System memory in use before: 115.3 MB.
System memory in use after: 115.5 MB.

Unloading 11 unused Assets to reduce memory usage. Loaded Objects now: 2872.
Total: 2.768100 ms (FindLiveObjects: 0.229900 ms CreateObjectMapping: 0.100000 ms MarkObjects: 2.338700 ms  DeleteObjects: 0.098400 ms)

AssetImportParameters requested are different than current active one (requested -> active):
  custom:graphics/normal-map-encoding: 01000000000000000000000000000000 -> 02000000000000000000000000000000
========================================================================
Received Prepare
Registering precompiled user dll's ...
Registered in 0.003153 seconds.
Begin MonoManager ReloadAssembly
Native extension for WindowsStandalone target not found
Native extension for WebGL target not found
Refreshing native plugins compatible for Editor in 1.67 ms, found 1 plugins.
Preloading 0 native plugins for Editor in 0.00 ms.
Mono: successfully reloaded assembly
- Completed reload, in  1.394 seconds
Platform modules already initialized, skipping
Switching build target platform(5) subTarget(0) extendedPlatform(0) -> platform(13) subTarget(537395200) extendedPlatform(0)
Refreshing native plugins compatible for Editor in 1.79 ms, found 1 plugins.
Preloading 0 native plugins for Editor in 0.00 ms.
Unloading 2310 Unused Serialized files (Serialized files now loaded: 0)
System memory in use before: 115.3 MB.
System memory in use after: 115.5 MB.

Unloading 11 unused Assets to reduce memory usage. Loaded Objects now: 2876.
Total: 2.448300 ms (FindLiveObjects: 0.238900 ms CreateObjectMapping: 0.099500 ms MarkObjects: 1.975500 ms  DeleteObjects: 0.133800 ms)

AssetImportParameters requested are different than current active one (requested -> active):
  custom:graphics/normal-map-encoding: 01000000000000000000000000000000 -> 02000000000000000000000000000000
AssetImportWorkerClient::OnTransportError - code=2 error=End of file
